0 verbose cli /opt/homebrew/Cellar/node/22.9.0_1/bin/node /opt/homebrew/bin/npm
1 info using npm@10.8.3
2 info using node@v22.9.0
3 silly config load:file:/opt/homebrew/lib/node_modules/npm/npmrc
4 silly config load:file:/Users/prajaktakumbhar/expense-tracker/.npmrc
5 silly config load:file:/Users/prajaktakumbhar/.npmrc
6 silly config load:file:/opt/homebrew/etc/npmrc
7 verbose title npm install chart.js@^4.4.5 react-chartjs-2@^5.2.0
8 verbose argv "install" "chart.js@^4.4.5" "react-chartjs-2@^5.2.0" "--legacy-peer-deps"
9 verbose logfile logs-max:10 dir:/Users/prajaktakumbhar/expense-tracker/clean/_logs/2024-10-22T22_29_14_000Z-
10 verbose logfile /Users/prajaktakumbhar/expense-tracker/clean/_logs/2024-10-22T22_29_14_000Z-debug-0.log
11 silly packumentCache heap:2197815296 maxSize:549453824 maxEntrySize:274726912
12 silly logfile start cleaning logs, removing 1 files
13 silly logfile done cleaning log files
14 silly idealTree buildDeps
15 silly fetch manifest chart.js@^4.4.5
16 silly packumentCache full:https://registry.npmjs.org/chart.js cache-miss
17 http fetch GET 200 https://registry.npmjs.org/chart.js 120ms (cache hit)
18 silly packumentCache full:https://registry.npmjs.org/chart.js set size:407622 disposed:false
19 silly fetch manifest react-chartjs-2@^5.2.0
20 silly packumentCache full:https://registry.npmjs.org/react-chartjs-2 cache-miss
21 http fetch GET 200 https://registry.npmjs.org/react-chartjs-2 3ms (cache hit)
22 silly packumentCache full:https://registry.npmjs.org/react-chartjs-2 set size:259213 disposed:false
23 silly placeDep ROOT chart.js@4.4.5 REPLACE for: expensetracker@1.0.0 want: ^4.4.5
24 silly placeDep ROOT react-chartjs-2@5.2.0 REPLACE for: expensetracker@1.0.0 want: ^5.2.0
25 silly reify mark retired [
25 silly reify   '/Users/prajaktakumbhar/expense-tracker/node_modules/@babel/helper-builder-binary-assignment-operator-visitor'
25 silly reify ]
26 silly reify mark retired [
26 silly reify   '/Users/prajaktakumbhar/expense-tracker/node_modules/@babel/plugin-bugfix-firefox-class-in-computed-class-key'
26 silly reify ]
27 silly reify mark retired [
27 silly reify   '/Users/prajaktakumbhar/expense-tracker/node_modules/@babel/plugin-bugfix-safari-class-field-initializer-scope'
27 silly reify ]
28 silly reify mark retired [
28 silly reify   '/Users/prajaktakumbhar/expense-tracker/node_modules/@babel/plugin-bugfix-safari-id-destructuring-collision-in-function-expression'
28 silly reify ]
29 silly reify mark retired [
29 silly reify   '/Users/prajaktakumbhar/expense-tracker/node_modules/@babel/plugin-bugfix-v8-spread-parameters-in-optional-chaining'
29 silly reify ]
30 silly reify mark retired [
30 silly reify   '/Users/prajaktakumbhar/expense-tracker/node_modules/@babel/plugin-bugfix-v8-static-class-fields-redefine-readonly'
30 silly reify ]
31 silly reify mark retired [
31 silly reify   '/Users/prajaktakumbhar/expense-tracker/node_modules/@babel/plugin-proposal-private-property-in-object'
31 silly reify ]
32 silly reify mark retired [
32 silly reify   '/Users/prajaktakumbhar/expense-tracker/node_modules/@babel/plugin-syntax-import-assertions'
32 silly reify ]
33 silly reify mark retired [
33 silly reify   '/Users/prajaktakumbhar/expense-tracker/node_modules/@babel/plugin-syntax-import-attributes'
33 silly reify ]
34 silly reify mark retired [
34 silly reify   '/Users/prajaktakumbhar/expense-tracker/node_modules/@babel/plugin-syntax-unicode-sets-regex'
34 silly reify ]
35 silly reify mark retired [
35 silly reify   '/Users/prajaktakumbhar/expense-tracker/node_modules/@babel/plugin-transform-async-generator-functions'
35 silly reify ]
36 silly reify mark retired [
36 silly reify   '/Users/prajaktakumbhar/expense-tracker/node_modules/@babel/plugin-transform-block-scoped-functions'
36 silly reify ]
37 silly reify mark retired [
37 silly reify   '/Users/prajaktakumbhar/expense-tracker/node_modules/@babel/plugin-transform-class-properties'
37 silly reify ]
38 silly reify mark retired [
38 silly reify   '/Users/prajaktakumbhar/expense-tracker/node_modules/@babel/plugin-transform-class-static-block'
38 silly reify ]
39 silly reify mark retired [
39 silly reify   '/Users/prajaktakumbhar/expense-tracker/node_modules/@babel/plugin-transform-dotall-regex'
39 silly reify ]
40 silly reify mark retired [
40 silly reify   '/Users/prajaktakumbhar/expense-tracker/node_modules/@babel/plugin-transform-duplicate-keys'
40 silly reify ]
41 silly reify mark retired [
41 silly reify   '/Users/prajaktakumbhar/expense-tracker/node_modules/@babel/plugin-transform-duplicate-named-capturing-groups-regex'
41 silly reify ]
42 silly reify mark retired [
42 silly reify   '/Users/prajaktakumbhar/expense-tracker/node_modules/@babel/plugin-transform-dynamic-import'
42 silly reify ]
43 silly reify mark retired [
43 silly reify   '/Users/prajaktakumbhar/expense-tracker/node_modules/@babel/plugin-transform-exponentiation-operator'
43 silly reify ]
44 silly reify mark retired [
44 silly reify   '/Users/prajaktakumbhar/expense-tracker/node_modules/@babel/plugin-transform-for-of'
44 silly reify ]
45 silly reify mark retired [
45 silly reify   '/Users/prajaktakumbhar/expense-tracker/node_modules/@babel/plugin-transform-json-strings'
45 silly reify ]
46 silly reify mark retired [
46 silly reify   '/Users/prajaktakumbhar/expense-tracker/node_modules/@babel/plugin-transform-logical-assignment-operators'
46 silly reify ]
47 silly reify mark retired [
47 silly reify   '/Users/prajaktakumbhar/expense-tracker/node_modules/@babel/plugin-transform-member-expression-literals'
47 silly reify ]
48 silly reify mark retired [
48 silly reify   '/Users/prajaktakumbhar/expense-tracker/node_modules/@babel/plugin-transform-modules-amd'
48 silly reify ]
49 silly reify mark retired [
49 silly reify   '/Users/prajaktakumbhar/expense-tracker/node_modules/@babel/plugin-transform-modules-systemjs'
49 silly reify ]
50 silly reify mark retired [
50 silly reify   '/Users/prajaktakumbhar/expense-tracker/node_modules/@babel/plugin-transform-modules-umd'
50 silly reify ]
51 silly reify mark retired [
51 silly reify   '/Users/prajaktakumbhar/expense-tracker/node_modules/@babel/plugin-transform-new-target'
51 silly reify ]
52 silly reify mark retired [
52 silly reify   '/Users/prajaktakumbhar/expense-tracker/node_modules/@babel/plugin-transform-nullish-coalescing-operator'
52 silly reify ]
53 silly reify mark retired [
53 silly reify   '/Users/prajaktakumbhar/expense-tracker/node_modules/@babel/plugin-transform-numeric-separator'
53 silly reify ]
54 silly reify mark retired [
54 silly reify   '/Users/prajaktakumbhar/expense-tracker/node_modules/@babel/plugin-transform-object-super'
54 silly reify ]
55 silly reify mark retired [
55 silly reify   '/Users/prajaktakumbhar/expense-tracker/node_modules/@babel/plugin-transform-optional-catch-binding'
55 silly reify ]
56 silly reify mark retired [
56 silly reify   '/Users/prajaktakumbhar/expense-tracker/node_modules/@babel/plugin-transform-optional-chaining'
56 silly reify ]
57 silly reify mark retired [
57 silly reify   '/Users/prajaktakumbhar/expense-tracker/node_modules/@babel/plugin-transform-property-literals'
57 silly reify ]
58 silly reify mark retired [
58 silly reify   '/Users/prajaktakumbhar/expense-tracker/node_modules/@babel/plugin-transform-regenerator'
58 silly reify ]
59 silly reify mark retired [
59 silly reify   '/Users/prajaktakumbhar/expense-tracker/node_modules/@babel/plugin-transform-reserved-words'
59 silly reify ]
60 silly reify mark retired [
60 silly reify   '/Users/prajaktakumbhar/expense-tracker/node_modules/@babel/plugin-transform-template-literals'
60 silly reify ]
61 silly reify mark retired [
61 silly reify   '/Users/prajaktakumbhar/expense-tracker/node_modules/@babel/plugin-transform-typeof-symbol'
61 silly reify ]
62 silly reify mark retired [
62 silly reify   '/Users/prajaktakumbhar/expense-tracker/node_modules/@babel/plugin-transform-unicode-escapes'
62 silly reify ]
63 silly reify mark retired [
63 silly reify   '/Users/prajaktakumbhar/expense-tracker/node_modules/@babel/plugin-transform-unicode-property-regex'
63 silly reify ]
64 silly reify mark retired [
64 silly reify   '/Users/prajaktakumbhar/expense-tracker/node_modules/@babel/plugin-transform-unicode-sets-regex'
64 silly reify ]
65 silly reify mark retired [
65 silly reify   '/Users/prajaktakumbhar/expense-tracker/node_modules/@babel/preset-env'
65 silly reify ]
66 silly reify mark retired [
66 silly reify   '/Users/prajaktakumbhar/expense-tracker/node_modules/@babel/preset-modules'
66 silly reify ]
67 silly reify mark retired [ '/Users/prajaktakumbhar/expense-tracker/node_modules/esutils' ]
68 silly reify mark retired [
68 silly reify   '/Users/prajaktakumbhar/expense-tracker/node_modules/regenerator-transform'
68 silly reify ]
69 silly reify moves {
69 silly reify   '/Users/prajaktakumbhar/expense-tracker/node_modules/@babel/helper-builder-binary-assignment-operator-visitor': '/Users/prajaktakumbhar/expense-tracker/node_modules/@babel/.helper-builder-binary-assignment-operator-visitor-jpGnbmFh',
69 silly reify   '/Users/prajaktakumbhar/expense-tracker/node_modules/@babel/plugin-bugfix-firefox-class-in-computed-class-key': '/Users/prajaktakumbhar/expense-tracker/node_modules/@babel/.plugin-bugfix-firefox-class-in-computed-class-key-kRbhkkrx',
69 silly reify   '/Users/prajaktakumbhar/expense-tracker/node_modules/@babel/plugin-bugfix-safari-class-field-initializer-scope': '/Users/prajaktakumbhar/expense-tracker/node_modules/@babel/.plugin-bugfix-safari-class-field-initializer-scope-k105qT3Q',
69 silly reify   '/Users/prajaktakumbhar/expense-tracker/node_modules/@babel/plugin-bugfix-safari-id-destructuring-collision-in-function-expression': '/Users/prajaktakumbhar/expense-tracker/node_modules/@babel/.plugin-bugfix-safari-id-destructuring-collision-in-function-expression-M5gT22QV',
69 silly reify   '/Users/prajaktakumbhar/expense-tracker/node_modules/@babel/plugin-bugfix-v8-spread-parameters-in-optional-chaining': '/Users/prajaktakumbhar/expense-tracker/node_modules/@babel/.plugin-bugfix-v8-spread-parameters-in-optional-chaining-62YVZveT',
69 silly reify   '/Users/prajaktakumbhar/expense-tracker/node_modules/@babel/plugin-bugfix-v8-static-class-fields-redefine-readonly': '/Users/prajaktakumbhar/expense-tracker/node_modules/@babel/.plugin-bugfix-v8-static-class-fields-redefine-readonly-YOYFv1g7',
69 silly reify   '/Users/prajaktakumbhar/expense-tracker/node_modules/@babel/plugin-proposal-private-property-in-object': '/Users/prajaktakumbhar/expense-tracker/node_modules/@babel/.plugin-proposal-private-property-in-object-oDdQoxtb',
69 silly reify   '/Users/prajaktakumbhar/expense-tracker/node_modules/@babel/plugin-syntax-import-assertions': '/Users/prajaktakumbhar/expense-tracker/node_modules/@babel/.plugin-syntax-import-assertions-TSKgLYWu',
69 silly reify   '/Users/prajaktakumbhar/expense-tracker/node_modules/@babel/plugin-syntax-import-attributes': '/Users/prajaktakumbhar/expense-tracker/node_modules/@babel/.plugin-syntax-import-attributes-KMWgUIll',
69 silly reify   '/Users/prajaktakumbhar/expense-tracker/node_modules/@babel/plugin-syntax-unicode-sets-regex': '/Users/prajaktakumbhar/expense-tracker/node_modules/@babel/.plugin-syntax-unicode-sets-regex-S1blp7z2',
69 silly reify   '/Users/prajaktakumbhar/expense-tracker/node_modules/@babel/plugin-transform-async-generator-functions': '/Users/prajaktakumbhar/expense-tracker/node_modules/@babel/.plugin-transform-async-generator-functions-SHe2CaW9',
69 silly reify   '/Users/prajaktakumbhar/expense-tracker/node_modules/@babel/plugin-transform-block-scoped-functions': '/Users/prajaktakumbhar/expense-tracker/node_modules/@babel/.plugin-transform-block-scoped-functions-FeWyXJCB',
69 silly reify   '/Users/prajaktakumbhar/expense-tracker/node_modules/@babel/plugin-transform-class-properties': '/Users/prajaktakumbhar/expense-tracker/node_modules/@babel/.plugin-transform-class-properties-uN145lwo',
69 silly reify   '/Users/prajaktakumbhar/expense-tracker/node_modules/@babel/plugin-transform-class-static-block': '/Users/prajaktakumbhar/expense-tracker/node_modules/@babel/.plugin-transform-class-static-block-zRaJt7Al',
69 silly reify   '/Users/prajaktakumbhar/expense-tracker/node_modules/@babel/plugin-transform-dotall-regex': '/Users/prajaktakumbhar/expense-tracker/node_modules/@babel/.plugin-transform-dotall-regex-R3iuwPdh',
69 silly reify   '/Users/prajaktakumbhar/expense-tracker/node_modules/@babel/plugin-transform-duplicate-keys': '/Users/prajaktakumbhar/expense-tracker/node_modules/@babel/.plugin-transform-duplicate-keys-EE5psRVZ',
69 silly reify   '/Users/prajaktakumbhar/expense-tracker/node_modules/@babel/plugin-transform-duplicate-named-capturing-groups-regex': '/Users/prajaktakumbhar/expense-tracker/node_modules/@babel/.plugin-transform-duplicate-named-capturing-groups-regex-X0V3o2aN',
69 silly reify   '/Users/prajaktakumbhar/expense-tracker/node_modules/@babel/plugin-transform-dynamic-import': '/Users/prajaktakumbhar/expense-tracker/node_modules/@babel/.plugin-transform-dynamic-import-CRhQmDQy',
69 silly reify   '/Users/prajaktakumbhar/expense-tracker/node_modules/@babel/plugin-transform-exponentiation-operator': '/Users/prajaktakumbhar/expense-tracker/node_modules/@babel/.plugin-transform-exponentiation-operator-BoeiHsGV',
69 silly reify   '/Users/prajaktakumbhar/expense-tracker/node_modules/@babel/plugin-transform-for-of': '/Users/prajaktakumbhar/expense-tracker/node_modules/@babel/.plugin-transform-for-of-ZKGeKzeT',
69 silly reify   '/Users/prajaktakumbhar/expense-tracker/node_modules/@babel/plugin-transform-json-strings': '/Users/prajaktakumbhar/expense-tracker/node_modules/@babel/.plugin-transform-json-strings-eLXO5VGK',
69 silly reify   '/Users/prajaktakumbhar/expense-tracker/node_modules/@babel/plugin-transform-logical-assignment-operators': '/Users/prajaktakumbhar/expense-tracker/node_modules/@babel/.plugin-transform-logical-assignment-operators-i9teA9Px',
69 silly reify   '/Users/prajaktakumbhar/expense-tracker/node_modules/@babel/plugin-transform-member-expression-literals': '/Users/prajaktakumbhar/expense-tracker/node_modules/@babel/.plugin-transform-member-expression-literals-n7eFZqEL',
69 silly reify   '/Users/prajaktakumbhar/expense-tracker/node_modules/@babel/plugin-transform-modules-amd': '/Users/prajaktakumbhar/expense-tracker/node_modules/@babel/.plugin-transform-modules-amd-nPYvFH0i',
69 silly reify   '/Users/prajaktakumbhar/expense-tracker/node_modules/@babel/plugin-transform-modules-systemjs': '/Users/prajaktakumbhar/expense-tracker/node_modules/@babel/.plugin-transform-modules-systemjs-6uNlw6HC',
69 silly reify   '/Users/prajaktakumbhar/expense-tracker/node_modules/@babel/plugin-transform-modules-umd': '/Users/prajaktakumbhar/expense-tracker/node_modules/@babel/.plugin-transform-modules-umd-d1DaNeap',
69 silly reify   '/Users/prajaktakumbhar/expense-tracker/node_modules/@babel/plugin-transform-new-target': '/Users/prajaktakumbhar/expense-tracker/node_modules/@babel/.plugin-transform-new-target-rsUtW3c8',
69 silly reify   '/Users/prajaktakumbhar/expense-tracker/node_modules/@babel/plugin-transform-nullish-coalescing-operator': '/Users/prajaktakumbhar/expense-tracker/node_modules/@babel/.plugin-transform-nullish-coalescing-operator-JgifLZ56',
69 silly reify   '/Users/prajaktakumbhar/expense-tracker/node_modules/@babel/plugin-transform-numeric-separator': '/Users/prajaktakumbhar/expense-tracker/node_modules/@babel/.plugin-transform-numeric-separator-JHg9yAWP',
69 silly reify   '/Users/prajaktakumbhar/expense-tracker/node_modules/@babel/plugin-transform-object-super': '/Users/prajaktakumbhar/expense-tracker/node_modules/@babel/.plugin-transform-object-super-YYvbexqo',
69 silly reify   '/Users/prajaktakumbhar/expense-tracker/node_modules/@babel/plugin-transform-optional-catch-binding': '/Users/prajaktakumbhar/expense-tracker/node_modules/@babel/.plugin-transform-optional-catch-binding-deIOetwM',
69 silly reify   '/Users/prajaktakumbhar/expense-tracker/node_modules/@babel/plugin-transform-optional-chaining': '/Users/prajaktakumbhar/expense-tracker/node_modules/@babel/.plugin-transform-optional-chaining-qqz8ekwc',
69 silly reify   '/Users/prajaktakumbhar/expense-tracker/node_modules/@babel/plugin-transform-property-literals': '/Users/prajaktakumbhar/expense-tracker/node_modules/@babel/.plugin-transform-property-literals-nEDSFjde',
69 silly reify   '/Users/prajaktakumbhar/expense-tracker/node_modules/@babel/plugin-transform-regenerator': '/Users/prajaktakumbhar/expense-tracker/node_modules/@babel/.plugin-transform-regenerator-rmFonEIj',
69 silly reify   '/Users/prajaktakumbhar/expense-tracker/node_modules/@babel/plugin-transform-reserved-words': '/Users/prajaktakumbhar/expense-tracker/node_modules/@babel/.plugin-transform-reserved-words-HqtQOFLW',
69 silly reify   '/Users/prajaktakumbhar/expense-tracker/node_modules/@babel/plugin-transform-template-literals': '/Users/prajaktakumbhar/expense-tracker/node_modules/@babel/.plugin-transform-template-literals-yhAORedH',
69 silly reify   '/Users/prajaktakumbhar/expense-tracker/node_modules/@babel/plugin-transform-typeof-symbol': '/Users/prajaktakumbhar/expense-tracker/node_modules/@babel/.plugin-transform-typeof-symbol-J4eKkHru',
69 silly reify   '/Users/prajaktakumbhar/expense-tracker/node_modules/@babel/plugin-transform-unicode-escapes': '/Users/prajaktakumbhar/expense-tracker/node_modules/@babel/.plugin-transform-unicode-escapes-wXx6rx4q',
69 silly reify   '/Users/prajaktakumbhar/expense-tracker/node_modules/@babel/plugin-transform-unicode-property-regex': '/Users/prajaktakumbhar/expense-tracker/node_modules/@babel/.plugin-transform-unicode-property-regex-WABsXzxy',
69 silly reify   '/Users/prajaktakumbhar/expense-tracker/node_modules/@babel/plugin-transform-unicode-sets-regex': '/Users/prajaktakumbhar/expense-tracker/node_modules/@babel/.plugin-transform-unicode-sets-regex-loJX6IIK',
69 silly reify   '/Users/prajaktakumbhar/expense-tracker/node_modules/@babel/preset-env': '/Users/prajaktakumbhar/expense-tracker/node_modules/@babel/.preset-env-DNmsJT1b',
69 silly reify   '/Users/prajaktakumbhar/expense-tracker/node_modules/@babel/preset-modules': '/Users/prajaktakumbhar/expense-tracker/node_modules/@babel/.preset-modules-CSrpgCgr',
69 silly reify   '/Users/prajaktakumbhar/expense-tracker/node_modules/esutils': '/Users/prajaktakumbhar/expense-tracker/node_modules/.esutils-XCeokYIQ',
69 silly reify   '/Users/prajaktakumbhar/expense-tracker/node_modules/regenerator-transform': '/Users/prajaktakumbhar/expense-tracker/node_modules/.regenerator-transform-ZDVIjjHq'
69 silly reify }
70 silly audit bulk request {
70 silly audit   '@ampproject/remapping': [ '2.3.0' ],
70 silly audit   '@babel/code-frame': [ '7.25.9', '7.10.4' ],
70 silly audit   '@babel/compat-data': [ '7.25.9' ],
70 silly audit   '@babel/core': [ '7.25.9' ],
70 silly audit   '@babel/generator': [ '7.25.9', '7.2.0' ],
70 silly audit   '@babel/helper-annotate-as-pure': [ '7.25.9' ],
70 silly audit   '@babel/helper-compilation-targets': [ '7.25.9' ],
70 silly audit   '@babel/helper-create-class-features-plugin': [ '7.25.9' ],
70 silly audit   '@babel/helper-create-regexp-features-plugin': [ '7.25.9' ],
70 silly audit   '@babel/helper-define-polyfill-provider': [ '0.6.2' ],
70 silly audit   '@babel/helper-environment-visitor': [ '7.24.7' ],
70 silly audit   '@babel/helper-member-expression-to-functions': [ '7.25.9' ],
70 silly audit   '@babel/helper-module-imports': [ '7.25.9' ],
70 silly audit   '@babel/helper-module-transforms': [ '7.25.9' ],
70 silly audit   '@babel/helper-optimise-call-expression': [ '7.25.9' ],
70 silly audit   '@babel/helper-plugin-utils': [ '7.25.9' ],
70 silly audit   '@babel/helper-remap-async-to-generator': [ '7.25.9' ],
70 silly audit   '@babel/helper-replace-supers': [ '7.25.9' ],
70 silly audit   '@babel/helper-simple-access': [ '7.25.9' ],
70 silly audit   '@babel/helper-skip-transparent-expression-wrappers': [ '7.25.9' ],
70 silly audit   '@babel/helper-string-parser': [ '7.25.9' ],
70 silly audit   '@babel/helper-validator-identifier': [ '7.25.9' ],
70 silly audit   '@babel/helper-validator-option': [ '7.25.9' ],
70 silly audit   '@babel/helper-wrap-function': [ '7.25.9' ],
70 silly audit   '@babel/helpers': [ '7.25.9' ],
70 silly audit   '@babel/highlight': [ '7.25.9' ],
70 silly audit   '@babel/parser': [ '7.25.9' ],
70 silly audit   '@babel/plugin-proposal-async-generator-functions': [ '7.20.7' ],
70 silly audit   '@babel/plugin-proposal-class-properties': [ '7.18.6' ],
70 silly audit   '@babel/plugin-proposal-decorators': [ '7.25.9' ],
70 silly audit   '@babel/plugin-proposal-export-default-from': [ '7.25.9' ],
70 silly audit   '@babel/plugin-proposal-logical-assignment-operators': [ '7.20.7' ],
70 silly audit   '@babel/plugin-proposal-nullish-coalescing-operator': [ '7.18.6' ],
70 silly audit   '@babel/plugin-proposal-numeric-separator': [ '7.18.6' ],
70 silly audit   '@babel/plugin-proposal-object-rest-spread': [ '7.20.7' ],
70 silly audit   '@babel/plugin-proposal-optional-catch-binding': [ '7.18.6' ],
70 silly audit   '@babel/plugin-proposal-optional-chaining': [ '7.21.0' ],
70 silly audit   '@babel/plugin-syntax-async-generators': [ '7.8.4' ],
70 silly audit   '@babel/plugin-syntax-decorators': [ '7.25.9' ],
70 silly audit   '@babel/plugin-syntax-dynamic-import': [ '7.8.3' ],
70 silly audit   '@babel/plugin-syntax-export-default-from': [ '7.25.9' ],
70 silly audit   '@babel/plugin-syntax-flow': [ '7.25.9' ],
70 silly audit   '@babel/plugin-syntax-jsx': [ '7.25.9' ],
70 silly audit   '@babel/plugin-syntax-logical-assignment-operators': [ '7.10.4' ],
70 silly audit   '@babel/plugin-syntax-nullish-coalescing-operator': [ '7.8.3' ],
70 silly audit   '@babel/plugin-syntax-numeric-separator': [ '7.10.4' ],
70 silly audit   '@babel/plugin-syntax-object-rest-spread': [ '7.8.3' ],
70 silly audit   '@babel/plugin-syntax-optional-catch-binding': [ '7.8.3' ],
70 silly audit   '@babel/plugin-syntax-optional-chaining': [ '7.8.3' ],
70 silly audit   '@babel/plugin-syntax-typescript': [ '7.25.9' ],
70 silly audit   '@babel/plugin-transform-arrow-functions': [ '7.25.9' ],
70 silly audit   '@babel/plugin-transform-async-to-generator': [ '7.25.9' ],
70 silly audit   '@babel/plugin-transform-block-scoping': [ '7.25.9' ],
70 silly audit   '@babel/plugin-transform-classes': [ '7.25.9' ],
70 silly audit   '@babel/plugin-transform-computed-properties': [ '7.25.9' ],
70 silly audit   '@babel/plugin-transform-destructuring': [ '7.25.9' ],
70 silly audit   '@babel/plugin-transform-export-namespace-from': [ '7.25.9' ],
70 silly audit   '@babel/plugin-transform-flow-strip-types': [ '7.25.9' ],
70 silly audit   '@babel/plugin-transform-function-name': [ '7.25.9' ],
70 silly audit   '@babel/plugin-transform-literals': [ '7.25.9' ],
70 silly audit   '@babel/plugin-transform-modules-commonjs': [ '7.25.9' ],
70 silly audit   '@babel/plugin-transform-named-capturing-groups-regex': [ '7.25.9' ],
70 silly audit   '@babel/plugin-transform-object-rest-spread': [ '7.25.9' ],
70 silly audit   '@babel/plugin-transform-parameters': [ '7.25.9' ],
70 silly audit   '@babel/plugin-transform-private-methods': [ '7.25.9' ],
70 silly audit   '@babel/plugin-transform-private-property-in-object': [ '7.25.9' ],
70 silly audit   '@babel/plugin-transform-react-display-name': [ '7.25.9' ],
70 silly audit   '@babel/plugin-transform-react-jsx': [ '7.25.9' ],
70 silly audit   '@babel/plugin-transform-react-jsx-development': [ '7.25.9' ],
70 silly audit   '@babel/plugin-transform-react-jsx-self': [ '7.25.9' ],
70 silly audit   '@babel/plugin-transform-react-jsx-source': [ '7.25.9' ],
70 silly audit   '@babel/plugin-transform-react-pure-annotations': [ '7.25.9' ],
70 silly audit   '@babel/plugin-transform-runtime': [ '7.25.9' ],
70 silly audit   '@babel/plugin-transform-shorthand-properties': [ '7.25.9' ],
70 silly audit   '@babel/plugin-transform-spread': [ '7.25.9' ],
70 silly audit   '@babel/plugin-transform-sticky-regex': [ '7.25.9' ],
70 silly audit   '@babel/plugin-transform-typescript': [ '7.25.9' ],
70 silly audit   '@babel/plugin-transform-unicode-regex': [ '7.25.9' ],
70 silly audit   '@babel/preset-flow': [ '7.25.9' ],
70 silly audit   '@babel/preset-react': [ '7.25.9' ],
70 silly audit   '@babel/preset-typescript': [ '7.25.9' ],
70 silly audit   '@babel/register': [ '7.25.9' ],
70 silly audit   '@babel/runtime': [ '7.25.9' ],
70 silly audit   '@babel/template': [ '7.25.9' ],
70 silly audit   '@babel/traverse': [ '7.25.9' ],
70 silly audit   '@babel/types': [ '7.25.9' ],
70 silly audit   '@expo/bunyan': [ '4.0.1' ],
70 silly audit   '@expo/cli': [ '0.18.30' ],
70 silly audit   'ansi-styles': [ '4.3.0', '6.2.1', '3.2.1', '5.2.0' ],
70 silly audit   chalk: [ '4.1.2', '2.4.2' ],
70 silly audit   'color-convert': [ '2.0.1', '1.9.3' ],
70 silly audit   'color-name': [ '1.1.4', '1.1.3' ],
70 silly audit   'has-flag': [ '4.0.0', '3.0.0' ],
70 silly audit   semver: [ '7.6.3', '5.7.2', '6.3.1' ],
70 silly audit   'supports-color': [ '7.2.0', '8.1.1', '5.5.0' ],
70 silly audit   '@expo/code-signing-certificates': [ '0.0.5' ],
70 silly audit   '@expo/config': [ '9.0.4' ],
70 silly audit   '@expo/config-plugins': [ '8.0.10' ],
70 silly audit   glob: [ '7.1.6', '10.4.5', '7.2.3' ],
70 silly audit   '@expo/config-types': [ '51.0.3' ],
70 silly audit   '@expo/devcert': [ '1.1.4' ],
70 silly audit   'brace-expansion': [ '2.0.1', '1.1.11' ],
70 silly audit   debug: [ '3.2.7', '2.6.9', '4.3.7' ],
70 silly audit   minimatch: [ '9.0.5', '3.1.2' ],
70 silly audit   '@expo/env': [ '0.3.0' ],
70 silly audit   '@expo/image-utils': [ '0.5.1' ],
70 silly audit   'crypto-random-string': [ '1.0.0', '2.0.0' ],
70 silly audit   'fs-extra': [ '9.0.0', '9.1.0', '8.1.0' ],
70 silly audit   jsonfile: [ '6.1.0', '4.0.0' ],
70 silly audit   universalify: [ '2.0.1', '1.0.0', '0.1.2' ],
70 silly audit   'temp-dir': [ '1.0.0', '2.0.0' ],
70 silly audit   tempy: [ '0.3.0', '0.7.1' ],
70 silly audit   'type-fest': [ '0.3.1', '0.7.1', '0.16.0', '0.21.3' ],
70 silly audit   'unique-string': [ '1.0.0', '2.0.0' ],
70 silly audit   '@expo/json-file': [ '8.3.3' ],
70 silly audit   '@expo/metro-config': [ '0.18.11' ],
70 silly audit   '@expo/osascript': [ '2.1.3' ],
70 silly audit   '@expo/package-manager': [ '1.5.2' ],
70 silly audit   'sudo-prompt': [ '9.1.1', '9.2.1', '8.2.5' ],
70 silly audit   '@expo/plist': [ '0.1.3' ],
70 silly audit   '@expo/prebuild-config': [ '7.0.9' ],
70 silly audit   '@expo/rudder-sdk-node': [ '1.1.1' ],
70 silly audit   '@expo/sdk-runtime-versions': [ '1.0.0' ],
70 silly audit   '@expo/spawn-async': [ '1.7.2' ],
70 silly audit   '@expo/vector-icons': [ '14.0.4' ],
70 silly audit   '@expo/xcpretty': [ '4.3.1' ],
70 silly audit   argparse: [ '2.0.1', '1.0.10' ],
70 silly audit   'js-yaml': [ '4.1.0', '3.14.1' ],
70 silly audit   '@graphql-typed-document-node/core': [ '3.2.0' ],
70 silly audit   '@hapi/hoek': [ '9.3.0' ],
70 silly audit   '@hapi/topo': [ '5.1.0' ],
70 silly audit   '@isaacs/cliui': [ '8.0.2' ],
70 silly audit   'ansi-regex': [ '6.1.0', '5.0.1', '4.1.1' ],
70 silly audit   'emoji-regex': [ '9.2.2', '8.0.0' ],
70 silly audit   'string-width': [ '5.1.2', '4.2.3' ],
70 silly audit   'strip-ansi': [ '7.1.0', '6.0.1', '5.2.0' ],
70 silly audit   'wrap-ansi': [ '8.1.0', '6.2.0', '7.0.0' ],
70 silly audit   '@isaacs/ttlcache': [ '1.4.1' ],
70 silly audit   '@jest/create-cache-key-function': [ '29.7.0' ],
70 silly audit   '@jest/types': [ '29.6.3', '24.9.0', '26.6.2' ],
70 silly audit   '@types/istanbul-reports': [ '3.0.4', '1.1.2' ],
70 silly audit   '@types/yargs': [ '17.0.33', '15.0.19', '13.0.12' ],
70 silly audit   '@jest/environment': [ '29.7.0' ],
70 silly audit   '@jest/fake-timers': [ '29.7.0' ],
70 silly audit   '@jest/schemas': [ '29.6.3' ],
70 silly audit   '@jridgewell/gen-mapping': [ '0.3.5' ],
70 silly audit   '@jridgewell/resolve-uri': [ '3.1.2' ],
70 silly audit   '@jridgewell/set-array': [ '1.2.1' ],
70 silly audit   '@jridgewell/source-map': [ '0.3.6' ],
70 silly audit   '@jridgewell/sourcemap-codec': [ '1.5.0' ],
70 silly audit   '@jridgewell/trace-mapping': [ '0.3.25' ],
70 silly audit   '@kurkle/color': [ '0.3.2' ],
70 silly audit   '@nodelib/fs.scandir': [ '2.1.5' ],
70 silly audit   '@nodelib/fs.stat': [ '2.0.5' ],
70 silly audit   '@nodelib/fs.walk': [ '1.2.8' ],
70 silly audit   '@npmcli/fs': [ '3.1.1' ],
70 silly audit   '@pkgjs/parseargs': [ '0.11.0' ],
70 silly audit   '@react-native-community/cli': [ '13.6.9' ],
70 silly audit   '@react-native-community/cli-clean': [ '13.6.9' ],
70 silly audit   execa: [ '5.1.1', '1.0.0' ],
70 silly audit   'get-stream': [ '6.0.1', '4.1.0' ],
70 silly audit   'is-stream': [ '2.0.1', '1.1.0' ],
70 silly audit   'mimic-fn': [ '2.1.0', '1.2.0' ],
70 silly audit   'npm-run-path': [ '4.0.1', '2.0.2' ],
70 silly audit   onetime: [ '5.1.2', '2.0.1' ],
70 silly audit   '@react-native-community/cli-config': [ '13.6.9' ],
70 silly audit   '@react-native-community/cli-debugger-ui': [ '13.6.9' ],
70 silly audit   '@react-native-community/cli-doctor': [ '13.6.9' ],
70 silly audit   'cli-cursor': [ '3.1.0', '2.1.0' ],
70 silly audit   'log-symbols': [ '4.1.0', '2.2.0' ],
70 silly audit   ora: [ '5.4.1', '3.4.0' ],
70 silly audit   'restore-cursor': [ '3.1.0', '2.0.0' ],
70 silly audit   '@react-native-community/cli-hermes': [ '13.6.9' ],
70 silly audit   '@react-native-community/cli-platform-android': [ '13.6.9' ],
70 silly audit   '@react-native-community/cli-platform-apple': [ '13.6.9' ],
70 silly audit   '@react-native-community/cli-platform-ios': [ '13.6.9' ],
70 silly audit   '@react-native-community/cli-server-api': [ '13.6.9' ],
70 silly audit   'pretty-format': [ '26.6.2', '29.7.0', '24.9.0' ],
70 silly audit   'react-is': [ '17.0.2', '18.3.1', '16.13.1' ],
70 silly audit   ws: [ '6.2.3', '7.5.10', '8.18.0' ],
70 silly audit   '@react-native-community/cli-tools': [ '13.6.9' ],
70 silly audit   'is-wsl': [ '1.1.0', '2.2.0' ],
70 silly audit   open: [ '6.4.0', '7.4.2', '8.4.2' ],
70 silly audit   '@react-native-community/cli-types': [ '13.6.9' ],
70 silly audit   commander: [ '9.5.0', '7.2.0', '4.1.1', '2.20.3' ],
70 silly audit   'find-up': [ '4.1.0', '5.0.0', '3.0.0' ],
70 silly audit   'locate-path': [ '5.0.0', '6.0.0', '3.0.0' ],
70 silly audit   'p-limit': [ '2.3.0', '3.1.0' ],
70 silly audit   'p-locate': [ '4.1.0', '5.0.0', '3.0.0' ],
70 silly audit   '@react-native/assets-registry': [ '0.74.87' ],
70 silly audit   '@react-native/babel-plugin-codegen': [ '0.74.87' ],
70 silly audit   '@react-native/babel-preset': [ '0.74.87' ],
70 silly audit   '@react-native/codegen': [ '0.74.87' ],
70 silly audit   '@react-native/community-cli-plugin': [ '0.74.87' ],
70 silly audit   '@react-native/debugger-frontend': [ '0.74.87', '0.74.85' ],
70 silly audit   '@react-native/dev-middleware': [ '0.74.87', '0.74.85' ],
70 silly audit   ms: [ '2.0.0', '2.1.3' ],
70 silly audit   '@react-native/gradle-plugin': [ '0.74.87' ],
70 silly audit   '@react-native/js-polyfills': [ '0.74.87' ],
70 silly audit   '@react-native/metro-babel-transformer': [ '0.74.87' ],
70 silly audit   '@react-native/normalize-colors': [ '0.74.85', '0.74.87' ],
70 silly audit   '@react-native/virtualized-lists': [ '0.74.87' ],
70 silly audit   '@rnx-kit/chromium-edge-launcher': [ '1.0.0' ],
70 silly audit   'escape-string-regexp': [ '4.0.0', '1.0.5', '2.0.0' ],
70 silly audit   mkdirp: [ '1.0.4', '0.5.6' ],
70 silly audit   '@segment/loosely-validate-event': [ '2.0.0' ],
70 silly audit   '@sideway/address': [ '4.1.5' ],
70 silly audit   '@sideway/formula': [ '3.0.1' ],
70 silly audit   '@sideway/pinpoint': [ '2.0.0' ],
70 silly audit   '@sinclair/typebox': [ '0.27.8' ],
70 silly audit   '@sinonjs/commons': [ '3.0.1' ],
70 silly audit   '@sinonjs/fake-timers': [ '10.3.0' ],
70 silly audit   '@types/istanbul-lib-coverage': [ '2.0.6' ],
70 silly audit   '@types/istanbul-lib-report': [ '3.0.3' ],
70 silly audit   '@types/node': [ '18.19.58' ],
70 silly audit   '@types/node-forge': [ '1.3.11' ],
70 silly audit   '@types/stack-utils': [ '2.0.3' ],
70 silly audit   '@types/yargs-parser': [ '21.0.3' ],
70 silly audit   '@urql/core': [ '2.3.6' ],
70 silly audit   '@urql/exchange-retry': [ '0.3.0' ],
70 silly audit   '@xmldom/xmldom': [ '0.7.13', '0.8.10' ],
70 silly audit   'abort-controller': [ '3.0.0' ],
70 silly audit   accepts: [ '1.3.8' ],
70 silly audit   acorn: [ '8.13.0' ],
70 silly audit   'agent-base': [ '6.0.2' ],
70 silly audit   'aggregate-error': [ '3.1.0' ],
70 silly audit   anser: [ '1.4.10' ],
70 silly audit   'ansi-escapes': [ '4.3.2' ],
70 silly audit   'ansi-fragments': [ '0.2.1' ],
70 silly audit   'any-promise': [ '1.3.0' ],
70 silly audit   anymatch: [ '3.1.3' ],
70 silly audit   picomatch: [ '2.3.1', '3.0.1' ],
70 silly audit   appdirsjs: [ '1.2.7' ],
70 silly audit   'append-field': [ '1.0.0' ],
70 silly audit   'application-config-path': [ '0.1.1' ],
70 silly audit   arg: [ '5.0.2' ],
70 silly audit   'array-buffer-byte-length': [ '1.0.1' ],
70 silly audit   'array-union': [ '2.1.0' ],
70 silly audit   'arraybuffer.prototype.slice': [ '1.0.3' ],
70 silly audit   asap: [ '2.0.6' ],
70 silly audit   'ast-types': [ '0.15.2' ],
70 silly audit   'astral-regex': [ '1.0.0' ],
70 silly audit   'async-limiter': [ '1.0.1' ],
70 silly audit   asynckit: [ '0.4.0' ],
70 silly audit   'at-least-node': [ '1.0.0' ],
70 silly audit   'available-typed-arrays': [ '1.0.7' ],
70 silly audit   'babel-core': [ '7.0.0-bridge.0' ],
70 silly audit   'babel-plugin-polyfill-corejs2': [ '0.4.11' ],
70 silly audit   'babel-plugin-polyfill-corejs3': [ '0.10.6' ],
70 silly audit   'babel-plugin-polyfill-regenerator': [ '0.6.2' ],
70 silly audit   'babel-plugin-react-compiler': [ '0.0.0-experimental-592953e-20240517' ],
70 silly audit   jsesc: [ '2.5.2', '3.0.2' ],
70 silly audit   'source-map': [ '0.5.7', '0.6.1', '0.7.4' ],
70 silly audit   'babel-plugin-react-native-web': [ '0.19.13' ],
70 silly audit   'babel-plugin-transform-flow-enums': [ '0.0.2' ],
70 silly audit   'babel-preset-expo': [ '11.0.15' ],
70 silly audit   'balanced-match': [ '1.0.2' ],
70 silly audit   'base64-js': [ '1.5.1' ],
70 silly audit   'better-opn': [ '3.0.2' ],
70 silly audit   'big-integer': [ '1.6.52' ],
70 silly audit   bl: [ '4.1.0' ],
70 silly audit   'readable-stream': [ '3.6.2', '2.3.8' ],
70 silly audit   'bplist-creator': [ '0.0.7', '0.1.0' ],
70 silly audit   'bplist-parser': [ '0.3.2', '0.3.1' ],
70 silly audit   braces: [ '3.0.3' ],
70 silly audit   browserslist: [ '4.24.2' ],
70 silly audit   bser: [ '2.1.1' ],
70 silly audit   buffer: [ '5.7.1' ],
70 silly audit   'buffer-alloc': [ '1.2.0' ],
70 silly audit   'buffer-alloc-unsafe': [ '1.1.0' ],
70 silly audit   'buffer-fill': [ '1.0.0' ],
70 silly audit   'buffer-from': [ '1.1.2' ],
70 silly audit   builtins: [ '1.0.3' ],
70 silly audit   busboy: [ '1.6.0' ],
70 silly audit   bytes: [ '3.0.0' ],
70 silly audit   cacache: [ '18.0.4' ],
70 silly audit   'lru-cache': [ '10.4.3', '6.0.0', '5.1.1' ],
70 silly audit   'call-bind': [ '1.0.7' ],
70 silly audit   'caller-callsite': [ '2.0.0' ],
70 silly audit   'caller-path': [ '2.0.0' ],
70 silly audit   callsites: [ '2.0.0' ],
70 silly audit   camelcase: [ '6.3.0', '5.3.1' ],
70 silly audit   'caniuse-lite': [ '1.0.30001669' ],
70 silly audit   charenc: [ '0.0.2' ],
70 silly audit   chownr: [ '2.0.0' ],
70 silly audit   'chrome-launcher': [ '0.15.2' ],
70 silly audit   'ci-info': [ '3.9.0', '2.0.0' ],
70 silly audit   'clean-stack': [ '2.2.0' ],
70 silly audit   'cli-spinners': [ '2.9.2' ],
70 silly audit   cliui: [ '8.0.1', '6.0.0' ],
70 silly audit   clone: [ '2.1.2', '1.0.4' ],
70 silly audit   'clone-deep': [ '4.0.1' ],
70 silly audit   colorette: [ '1.4.0' ],
70 silly audit   'combined-stream': [ '1.0.8' ],
70 silly audit   'command-exists': [ '1.2.9' ],
70 silly audit   commondir: [ '1.0.1' ],
70 silly audit   'component-type': [ '1.2.2' ],
70 silly audit   compressible: [ '2.0.18' ],
70 silly audit   compression: [ '1.7.4' ],
70 silly audit   'concat-map': [ '0.0.1' ],
70 silly audit   'concat-stream': [ '1.6.2' ],
70 silly audit   connect: [ '3.7.0' ],
70 silly audit   'convert-source-map': [ '2.0.0' ],
70 silly audit   'core-js-compat': [ '3.38.1' ],
70 silly audit   'core-util-is': [ '1.0.3' ],
70 silly audit   cosmiconfig: [ '5.2.1' ],
70 silly audit   'cross-fetch': [ '3.1.8' ],
70 silly audit   'cross-spawn': [ '7.0.3', '6.0.5' ],
70 silly audit   crypt: [ '0.0.2' ],
70 silly audit   'dag-map': [ '1.0.2' ],
70 silly audit   'data-view-buffer': [ '1.0.1' ],
70 silly audit   'data-view-byte-length': [ '1.0.1' ],
70 silly audit   'data-view-byte-offset': [ '1.0.0' ],
70 silly audit   dayjs: [ '1.11.13' ],
70 silly audit   decamelize: [ '1.2.0' ],
70 silly audit   'deep-extend': [ '0.6.0' ],
70 silly audit   deepmerge: [ '4.3.1' ],
70 silly audit   'default-gateway': [ '4.2.0' ],
70 silly audit   defaults: [ '1.0.4' ],
70 silly audit   'define-data-property': [ '1.1.4' ],
70 silly audit   'define-lazy-prop': [ '2.0.0' ],
70 silly audit   'define-properties': [ '1.2.1' ],
70 silly audit   del: [ '6.1.1' ],
70 silly audit   'delayed-stream': [ '1.0.0' ],
70 silly audit   denodeify: [ '1.2.1' ],
70 silly audit   depd: [ '2.0.0' ],
70 silly audit   destroy: [ '1.2.0' ],
70 silly audit   'detect-libc': [ '1.0.3' ],
70 silly audit   'dir-glob': [ '3.0.1' ],
70 silly audit   dotenv: [ '16.4.5' ],
70 silly audit   'dotenv-expand': [ '11.0.6' ],
70 silly audit   eastasianwidth: [ '0.2.0' ],
70 silly audit   'ee-first': [ '1.1.1' ],
70 silly audit   'electron-to-chromium': [ '1.5.42' ],
70 silly audit   encodeurl: [ '1.0.2', '2.0.0' ],
70 silly audit   'end-of-stream': [ '1.4.4' ],
70 silly audit   'env-editor': [ '0.4.2' ],
70 silly audit   envinfo: [ '7.14.0' ],
70 silly audit   eol: [ '0.9.1' ],
70 silly audit   'error-ex': [ '1.3.2' ],
70 silly audit   'error-stack-parser': [ '2.1.4' ],
70 silly audit   errorhandler: [ '1.5.1' ],
70 silly audit   'es-abstract': [ '1.23.3' ],
70 silly audit   'es-define-property': [ '1.0.0' ],
70 silly audit   'es-errors': [ '1.3.0' ],
70 silly audit   'es-object-atoms': [ '1.0.0' ],
70 silly audit   'es-set-tostringtag': [ '2.0.3' ],
70 silly audit   'es-to-primitive': [ '1.2.1' ],
70 silly audit   escalade: [ '3.2.0' ],
70 silly audit   'escape-html': [ '1.0.3' ],
70 silly audit   esprima: [ '4.0.1' ],
70 silly audit   etag: [ '1.8.1' ],
70 silly audit   'event-target-shim': [ '5.0.1' ],
70 silly audit   'exec-async': [ '2.2.0' ],
70 silly audit   'path-key': [ '2.0.1', '3.1.1' ],
70 silly audit   'shebang-command': [ '1.2.0', '2.0.0' ],
70 silly audit   'shebang-regex': [ '1.0.0', '3.0.0' ],
70 silly audit   which: [ '1.3.1', '2.0.2' ],
70 silly audit   expo: [ '51.0.38' ],
70 silly audit   'expo-asset': [ '10.0.10' ],
70 silly audit   'expo-constants': [ '16.0.2' ],
70 silly audit   'expo-file-system': [ '17.0.1' ],
70 silly audit   'expo-font': [ '12.0.10' ],
70 silly audit   'expo-keep-awake': [ '13.0.2' ],
70 silly audit   'expo-modules-autolinking': [ '1.11.3' ],
70 silly audit   'expo-modules-core': [ '1.12.26' ],
70 silly audit   'expo-status-bar': [ '1.12.1' ],
70 silly audit   'exponential-backoff': [ '3.1.1' ],
70 silly audit   'fast-glob': [ '3.3.2' ],
70 silly audit   'fast-xml-parser': [ '4.5.0' ],
70 silly audit   fastq: [ '1.17.1' ],
70 silly audit   'fb-watchman': [ '2.0.2' ],
70 silly audit   fbemitter: [ '3.0.0' ],
70 silly audit   fbjs: [ '3.0.5' ],
70 silly audit   'fbjs-css-vars': [ '1.0.2' ],
70 silly audit   'fetch-retry': [ '4.1.1' ],
70 silly audit   'fill-range': [ '7.1.1' ],
70 silly audit   finalhandler: [ '1.1.2' ],
70 silly audit   'find-cache-dir': [ '2.1.0' ],
70 silly audit   'find-yarn-workspace-root': [ '2.0.0' ],
70 silly audit   'flow-enums-runtime': [ '0.0.6' ],
70 silly audit   'flow-parser': [ '0.250.0' ],
70 silly audit   fontfaceobserver: [ '2.3.0' ],
70 silly audit   'for-each': [ '0.3.3' ],
70 silly audit   'foreground-child': [ '3.3.0' ],
70 silly audit   'signal-exit': [ '4.1.0', '3.0.7' ],
70 silly audit   'form-data': [ '3.0.2' ],
70 silly audit   'freeport-async': [ '2.0.0' ],
70 silly audit   fresh: [ '0.5.2' ],
70 silly audit   'fs-minipass': [ '3.0.3', '2.1.0' ],
70 silly audit   'fs.realpath': [ '1.0.0' ],
70 silly audit   fsevents: [ '2.3.3' ],
70 silly audit   'function-bind': [ '1.1.2' ],
70 silly audit   'function.prototype.name': [ '1.1.6' ],
70 silly audit   'functions-have-names': [ '1.2.3' ],
70 silly audit   gensync: [ '1.0.0-beta.2' ],
70 silly audit   'get-caller-file': [ '2.0.5' ],
70 silly audit   'get-intrinsic': [ '1.2.4' ],
70 silly audit   'get-port': [ '3.2.0' ],
70 silly audit   'get-symbol-description': [ '1.0.2' ],
70 silly audit   getenv: [ '1.0.0' ],
70 silly audit   'glob-parent': [ '5.1.2' ],
70 silly audit   globals: [ '11.12.0' ],
70 silly audit   globalthis: [ '1.0.4' ],
70 silly audit   globby: [ '11.1.0' ],
70 silly audit   gopd: [ '1.0.1' ],
70 silly audit   'graceful-fs': [ '4.2.11' ],
70 silly audit   graphql: [ '15.8.0' ],
70 silly audit   'graphql-tag': [ '2.12.6' ],
70 silly audit   'has-bigints': [ '1.0.2' ],
70 silly audit   'has-property-descriptors': [ '1.0.2' ],
70 silly audit   'has-proto': [ '1.0.3' ],
70 silly audit   'has-symbols': [ '1.0.3' ],
70 silly audit   'has-tostringtag': [ '1.0.2' ],
70 silly audit   hasown: [ '2.0.2' ],
70 silly audit   'hermes-estree': [ '0.19.1', '0.23.1' ],
70 silly audit   'hermes-parser': [ '0.19.1', '0.23.1' ],
70 silly audit   'hermes-profile-transformer': [ '0.0.6' ],
70 silly audit   'hosted-git-info': [ '3.0.8' ],
70 silly audit   yallist: [ '4.0.0', '3.1.1' ],
70 silly audit   'http-errors': [ '2.0.0' ],
70 silly audit   statuses: [ '2.0.1', '1.5.0' ],
70 silly audit   'https-proxy-agent': [ '5.0.1' ],
70 silly audit   'human-signals': [ '2.1.0' ],
70 silly audit   ieee754: [ '1.2.1' ],
70 silly audit   ignore: [ '5.3.2' ],
70 silly audit   'image-size': [ '1.1.1' ],
70 silly audit   'import-fresh': [ '2.0.0' ],
70 silly audit   'resolve-from': [ '3.0.0', '5.0.0' ],
70 silly audit   imurmurhash: [ '0.1.4' ],
70 silly audit   'indent-string': [ '4.0.0' ],
70 silly audit   inflight: [ '1.0.6' ],
70 silly audit   inherits: [ '2.0.4' ],
70 silly audit   ini: [ '1.3.8' ],
70 silly audit   'internal-ip': [ '4.3.0' ],
70 silly audit   'internal-slot': [ '1.0.7' ],
70 silly audit   invariant: [ '2.2.4' ],
70 silly audit   'ip-regex': [ '2.1.0' ],
70 silly audit   'ipaddr.js': [ '1.9.1' ],
70 silly audit   'is-array-buffer': [ '3.0.4' ],
70 silly audit   'is-arrayish': [ '0.2.1' ],
70 silly audit   'is-bigint': [ '1.0.4' ],
70 silly audit   'is-boolean-object': [ '1.1.2' ],
70 silly audit   'is-buffer': [ '1.1.6' ],
70 silly audit   'is-callable': [ '1.2.7' ],
70 silly audit   'is-core-module': [ '2.15.1' ],
70 silly audit   'is-data-view': [ '1.0.1' ],
70 silly audit   'is-date-object': [ '1.0.5' ],
70 silly audit   'is-directory': [ '0.3.1' ],
70 silly audit   'is-docker': [ '2.2.1' ],
70 silly audit   'is-extglob': [ '2.1.1', '1.0.0' ],
70 silly audit   'is-fullwidth-code-point': [ '2.0.0', '3.0.0' ],
70 silly audit   'is-glob': [ '4.0.3', '2.0.1' ],
70 silly audit   'is-interactive': [ '1.0.0' ],
70 silly audit   'is-invalid-path': [ '0.1.0' ],
70 silly audit   'is-negative-zero': [ '2.0.3' ],
70 silly audit   'is-number': [ '7.0.0' ],
70 silly audit   'is-number-object': [ '1.0.7' ],
70 silly audit   'is-path-cwd': [ '2.2.0' ],
70 silly audit   'is-path-inside': [ '3.0.3' ],
70 silly audit   'is-plain-object': [ '2.0.4' ],
70 silly audit   'is-regex': [ '1.1.4' ],
70 silly audit   'is-shared-array-buffer': [ '1.0.3' ],
70 silly audit   'is-string': [ '1.0.7' ],
70 silly audit   'is-symbol': [ '1.0.4' ],
70 silly audit   'is-typed-array': [ '1.1.13' ],
70 silly audit   'is-unicode-supported': [ '0.1.0' ],
70 silly audit   'is-valid-path': [ '0.1.1' ],
70 silly audit   'is-weakref': [ '1.0.2' ],
70 silly audit   isarray: [ '1.0.0', '2.0.5' ],
70 silly audit   isexe: [ '2.0.0' ],
70 silly audit   isobject: [ '3.0.1' ],
70 silly audit   jackspeak: [ '3.4.3' ],
70 silly audit   'jest-environment-node': [ '29.7.0' ],
70 silly audit   'jest-get-type': [ '29.6.3' ],
70 silly audit   'jest-message-util': [ '29.7.0' ],
70 silly audit   'jest-mock': [ '29.7.0' ],
70 silly audit   'jest-util': [ '29.7.0' ],
70 silly audit   'jest-validate': [ '29.7.0' ],
70 silly audit   'jest-worker': [ '29.7.0' ],
70 silly audit   'jimp-compact': [ '0.16.1' ],
70 silly audit   joi: [ '17.13.3' ],
70 silly audit   'join-component': [ '1.1.0' ],
70 silly audit   'js-tokens': [ '4.0.0' ],
70 silly audit   'jsc-android': [ '250231.0.0' ],
70 silly audit   'jsc-safe-url': [ '0.2.4' ],
70 silly audit   jscodeshift: [ '0.14.0' ],
70 silly audit   'json-parse-better-errors': [ '1.0.2' ],
70 silly audit   'json-schema-deref-sync': [ '0.13.0' ],
70 silly audit   md5: [ '2.2.1', '2.3.0' ],
70 silly audit   json5: [ '2.2.3' ],
70 silly audit   'kind-of': [ '6.0.3' ],
70 silly audit   kleur: [ '3.0.3' ],
70 silly audit   leven: [ '3.1.0' ],
70 silly audit   'lighthouse-logger': [ '1.4.2' ],
70 silly audit   lightningcss: [ '1.19.0' ],
70 silly audit   'lightningcss-darwin-arm64': [ '1.19.0' ],
70 silly audit   'lightningcss-darwin-x64': [ '1.19.0' ],
70 silly audit   'lightningcss-linux-arm-gnueabihf': [ '1.19.0' ],
70 silly audit   'lightningcss-linux-arm64-gnu': [ '1.19.0' ],
70 silly audit   'lightningcss-linux-arm64-musl': [ '1.19.0' ],
70 silly audit   'lightningcss-linux-x64-gnu': [ '1.19.0' ],
70 silly audit   'lightningcss-linux-x64-musl': [ '1.19.0' ],
70 silly audit   'lightningcss-win32-x64-msvc': [ '1.19.0' ],
70 silly audit   'lines-and-columns': [ '1.2.4' ],
70 silly audit   lodash: [ '4.17.21' ],
70 silly audit   'lodash.debounce': [ '4.0.8' ],
70 silly audit   'lodash.throttle': [ '4.1.1' ],
70 silly audit   logkitty: [ '0.7.1' ],
70 silly audit   y18n: [ '4.0.3', '5.0.8' ],
70 silly audit   yargs: [ '15.4.1', '17.7.2' ],
70 silly audit   'yargs-parser': [ '18.1.3', '21.1.1' ],
70 silly audit   'loose-envify': [ '1.4.0' ],
70 silly audit   'make-dir': [ '2.1.0' ],
70 silly audit   makeerror: [ '1.0.12' ],
70 silly audit   marky: [ '1.2.5' ],
70 silly audit   'md5-file': [ '3.2.3' ],
70 silly audit   md5hex: [ '1.0.0' ],
70 silly audit   'media-typer': [ '0.3.0' ],
70 silly audit   'memoize-one': [ '5.2.1' ],
70 silly audit   'memory-cache': [ '0.2.0' ],
70 silly audit   'merge-stream': [ '2.0.0' ],
70 silly audit   merge2: [ '1.4.1' ],
70 silly audit   metro: [ '0.80.12' ],
70 silly audit   'metro-babel-transformer': [ '0.80.12' ],
70 silly audit   'metro-cache': [ '0.80.12' ],
70 silly audit   'metro-cache-key': [ '0.80.12' ],
70 silly audit   'metro-config': [ '0.80.12' ],
70 silly audit   'metro-core': [ '0.80.12' ],
70 silly audit   'metro-file-map': [ '0.80.12' ],
70 silly audit   'metro-minify-terser': [ '0.80.12' ],
70 silly audit   'metro-resolver': [ '0.80.12' ],
70 silly audit   'metro-runtime': [ '0.80.12' ],
70 silly audit   'metro-source-map': [ '0.80.12' ],
70 silly audit   'metro-symbolicate': [ '0.80.12' ],
70 silly audit   'metro-transform-plugins': [ '0.80.12' ],
70 silly audit   'metro-transform-worker': [ '0.80.12' ],
70 silly audit   micromatch: [ '4.0.8' ],
70 silly audit   mime: [ '2.6.0', '1.6.0' ],
70 silly audit   'mime-db': [ '1.52.0' ],
70 silly audit   'mime-types': [ '2.1.35' ],
70 silly audit   minimist: [ '1.2.8' ],
70 silly audit   minipass: [ '7.1.2', '3.3.6', '5.0.0' ],
70 silly audit   'minipass-collect': [ '2.0.1' ],
70 silly audit   'minipass-flush': [ '1.0.5' ],
70 silly audit   'minipass-pipeline': [ '1.2.4' ],
70 silly audit   minizlib: [ '2.1.2' ],
70 silly audit   multer: [ '1.4.5-lts.1' ],
70 silly audit   mz: [ '2.7.0' ],
70 silly audit   nanoid: [ '3.3.7' ],
70 silly audit   negotiator: [ '0.6.3' ],
70 silly audit   'neo-async': [ '2.6.2' ],
70 silly audit   'nested-error-stacks': [ '2.0.1' ],
70 silly audit   'nice-try': [ '1.0.5' ],
70 silly audit   nocache: [ '3.0.4' ],
70 silly audit   'node-abort-controller': [ '3.1.1' ],
70 silly audit   'node-dir': [ '0.1.17' ],
70 silly audit   'node-fetch': [ '2.7.0' ],
70 silly audit   'node-forge': [ '1.3.1' ],
70 silly audit   'node-int64': [ '0.4.0' ],
70 silly audit   'node-releases': [ '2.0.18' ],
70 silly audit   'node-stream-zip': [ '1.15.0' ],
70 silly audit   'normalize-path': [ '3.0.0' ],
70 silly audit   'npm-package-arg': [ '7.0.0' ],
70 silly audit   nullthrows: [ '1.1.1' ],
70 silly audit   ob1: [ '0.80.12' ],
70 silly audit   'object-assign': [ '4.1.1' ],
70 silly audit   'object-inspect': [ '1.13.2' ],
70 silly audit   'object-keys': [ '1.1.1' ],
70 silly audit   'object.assign': [ '4.1.5' ],
70 silly audit   'on-finished': [ '2.3.0', '2.4.1' ],
70 silly audit   'on-headers': [ '1.0.2' ],
70 silly audit   once: [ '1.4.0' ],
70 silly audit   'os-homedir': [ '1.0.2' ],
70 silly audit   'os-tmpdir': [ '1.0.2' ],
70 silly audit   osenv: [ '0.1.5' ],
70 silly audit   'p-finally': [ '1.0.0' ],
70 silly audit   'p-map': [ '4.0.0' ],
70 silly audit   'p-try': [ '2.2.0' ],
70 silly audit   'package-json-from-dist': [ '1.0.1' ],
70 silly audit   'parse-json': [ '4.0.0' ],
70 silly audit   'parse-png': [ '2.1.0' ],
70 silly audit   parseurl: [ '1.3.3' ],
70 silly audit   'password-prompt': [ '1.1.3' ],
70 silly audit   'path-exists': [ '4.0.0', '3.0.0' ],
70 silly audit   'path-is-absolute': [ '1.0.1' ],
70 silly audit   'path-parse': [ '1.0.7' ],
70 silly audit   'path-scurry': [ '1.11.1' ],
70 silly audit   'path-type': [ '4.0.0' ],
70 silly audit   picocolors: [ '1.1.1' ],
70 silly audit   pify: [ '4.0.1' ],
70 silly audit   pirates: [ '4.0.6' ],
70 silly audit   'pkg-dir': [ '3.0.0' ],
70 silly audit   plist: [ '3.1.0' ],
70 silly audit   xmlbuilder: [ '15.1.1', '11.0.1', '14.0.0' ],
70 silly audit   pngjs: [ '3.4.0' ],
70 silly audit   'possible-typed-array-names': [ '1.0.0' ],
70 silly audit   postcss: [ '8.4.47' ],
70 silly audit   'pretty-bytes': [ '5.6.0' ],
70 silly audit   'process-nextick-args': [ '2.0.1' ],
70 silly audit   progress: [ '2.0.3' ],
70 silly audit   promise: [ '7.3.1', '8.3.0' ],
70 silly audit   prompts: [ '2.4.2' ],
70 silly audit   'prop-types': [ '15.8.1' ],
70 silly audit   pump: [ '3.0.2' ],
70 silly audit   punycode: [ '2.3.1' ],
70 silly audit   'qrcode-terminal': [ '0.11.0' ],
70 silly audit   querystring: [ '0.2.1' ],
70 silly audit   queue: [ '6.0.2' ],
70 silly audit   'queue-microtask': [ '1.2.3' ],
70 silly audit   'range-parser': [ '1.2.1' ],
70 silly audit   rc: [ '1.2.8' ],
70 silly audit   react: [ '18.3.1' ],
70 silly audit   'react-devtools-core': [ '5.3.2' ],
70 silly audit   'react-dom': [ '18.3.1' ],
70 silly audit   scheduler: [ '0.23.2', '0.24.0-canary-efb381bbf-20230505' ],
70 silly audit   'react-native': [ '0.74.5' ],
70 silly audit   'regenerator-runtime': [ '0.13.11', '0.14.1' ],
70 silly audit   'react-refresh': [ '0.14.2' ],
70 silly audit   'react-shallow-renderer': [ '16.15.0' ],
70 silly audit   readline: [ '1.3.0' ],
70 silly audit   recast: [ '0.21.5' ],
70 silly audit   regenerate: [ '1.4.2' ],
70 silly audit   'regenerate-unicode-properties': [ '10.2.0' ],
70 silly audit   'regexp.prototype.flags': [ '1.5.3' ],
70 silly audit   'regexpu-core': [ '6.1.1' ],
70 silly audit   regjsgen: [ '0.8.0' ],
70 silly audit   regjsparser: [ '0.11.1' ],
70 silly audit   'remove-trailing-slash': [ '0.1.1' ],
70 silly audit   'require-directory': [ '2.1.1' ],
70 silly audit   'require-from-string': [ '2.0.2' ],
70 silly audit   'require-main-filename': [ '2.0.0' ],
70 silly audit   requireg: [ '0.2.2' ],
70 silly audit   resolve: [ '1.7.1', '1.22.8' ],
70 silly audit   'resolve.exports': [ '2.0.2' ],
70 silly audit   reusify: [ '1.0.4' ],
70 silly audit   rimraf: [ '3.0.2', '2.6.3' ],
70 silly audit   'run-parallel': [ '1.2.0' ],
70 silly audit   'safe-array-concat': [ '1.1.2' ],
70 silly audit   'safe-buffer': [ '5.1.2' ],
70 silly audit   'safe-regex-test': [ '1.0.3' ],
70 silly audit   sax: [ '1.4.1' ],
70 silly audit   selfsigned: [ '2.4.1' ],
70 silly audit   send: [ '0.18.0', '0.19.0' ],
70 silly audit   'serialize-error': [ '2.1.0' ],
70 silly audit   'serve-static': [ '1.16.2' ],
70 silly audit   'set-blocking': [ '2.0.0' ],
70 silly audit   'set-function-length': [ '1.2.2' ],
70 silly audit   'set-function-name': [ '2.0.2' ],
70 silly audit   setimmediate: [ '1.0.5' ],
70 silly audit   setprototypeof: [ '1.2.0' ],
70 silly audit   'shallow-clone': [ '3.0.1' ],
70 silly audit   'shell-quote': [ '1.8.1' ],
70 silly audit   'side-channel': [ '1.0.6' ],
70 silly audit   'simple-plist': [ '1.3.1' ],
70 silly audit   sisteransi: [ '1.0.5' ],
70 silly audit   slash: [ '3.0.0' ],
70 silly audit   'slice-ansi': [ '2.1.0' ],
70 silly audit   slugify: [ '1.6.6' ],
70 silly audit   'source-map-js': [ '1.2.1' ],
70 silly audit   'source-map-support': [ '0.5.21' ],
70 silly audit   split: [ '1.0.1' ],
70 silly audit   'sprintf-js': [ '1.0.3' ],
70 silly audit   ssri: [ '10.0.6' ],
70 silly audit   'stack-utils': [ '2.0.6' ],
70 silly audit   stackframe: [ '1.3.4' ],
70 silly audit   'stacktrace-parser': [ '0.1.10' ],
70 silly audit   'stream-buffers': [ '2.2.0' ],
70 silly audit   streamsearch: [ '1.1.0' ],
70 silly audit   string_decoder: [ '1.1.1' ],
70 silly audit   'string.prototype.trim': [ '1.2.9' ],
70 silly audit   'string.prototype.trimend': [ '1.0.8' ],
70 silly audit   'string.prototype.trimstart': [ '1.0.8' ],
70 silly audit   'strip-eof': [ '1.0.0' ],
70 silly audit   'strip-final-newline': [ '2.0.0' ],
70 silly audit   'strip-json-comments': [ '2.0.1' ],
70 silly audit   strnum: [ '1.0.5' ],
70 silly audit   'structured-headers': [ '0.4.1' ],
70 silly audit   sucrase: [ '3.34.0' ],
70 silly audit   'supports-hyperlinks': [ '2.3.0' ],
70 silly audit   'supports-preserve-symlinks-flag': [ '1.0.0' ],
70 silly audit   tar: [ '6.2.1' ],
70 silly audit   temp: [ '0.8.4' ],
70 silly audit   'terminal-link': [ '2.1.1' ],
70 silly audit   terser: [ '5.36.0' ],
70 silly audit   'text-table': [ '0.2.0' ],
70 silly audit   thenify: [ '3.3.1' ],
70 silly audit   'thenify-all': [ '1.6.0' ],
70 silly audit   throat: [ '5.0.0' ],
70 silly audit   through: [ '2.3.8' ],
70 silly audit   through2: [ '2.0.5' ],
70 silly audit   tmp: [ '0.0.33' ],
70 silly audit   tmpl: [ '1.0.5' ],
70 silly audit   'to-regex-range': [ '5.0.1' ],
70 silly audit   toidentifier: [ '1.0.1' ],
70 silly audit   tr46: [ '0.0.3' ],
70 silly audit   traverse: [ '0.6.10' ],
70 silly audit   'trim-right': [ '1.0.1' ],
70 silly audit   'ts-interface-checker': [ '0.1.13' ],
70 silly audit   tslib: [ '2.8.0' ],
70 silly audit   'type-detect': [ '4.0.8' ],
70 silly audit   'type-is': [ '1.6.18' ],
70 silly audit   'typed-array-buffer': [ '1.0.2' ],
70 silly audit   'typed-array-byte-length': [ '1.0.1' ],
70 silly audit   'typed-array-byte-offset': [ '1.0.2' ],
70 silly audit   'typed-array-length': [ '1.0.6' ],
70 silly audit   typedarray: [ '0.0.6' ],
70 silly audit   'typedarray.prototype.slice': [ '1.0.3' ],
70 silly audit   'ua-parser-js': [ '1.0.39' ],
70 silly audit   'unbox-primitive': [ '1.0.2' ],
70 silly audit   'undici-types': [ '5.26.5' ],
70 silly audit   'unicode-canonical-property-names-ecmascript': [ '2.0.1' ],
70 silly audit   'unicode-match-property-ecmascript': [ '2.0.0' ],
70 silly audit   'unicode-match-property-value-ecmascript': [ '2.2.0' ],
70 silly audit   'unicode-property-aliases-ecmascript': [ '2.1.0' ],
70 silly audit   'unique-filename': [ '3.0.0' ],
70 silly audit   'unique-slug': [ '4.0.0' ],
70 silly audit   unpipe: [ '1.0.0' ],
70 silly audit   'update-browserslist-db': [ '1.1.1' ],
70 silly audit   'url-join': [ '4.0.0' ],
70 silly audit   'util-deprecate': [ '1.0.2' ],
70 silly audit   'utils-merge': [ '1.0.1' ],
70 silly audit   uuid: [ '8.3.2', '7.0.3' ],
70 silly audit   'valid-url': [ '1.0.9' ],
70 silly audit   'validate-npm-package-name': [ '3.0.0' ],
70 silly audit   vary: [ '1.1.2' ],
70 silly audit   vlq: [ '1.0.1' ],
70 silly audit   walker: [ '1.0.8' ],
70 silly audit   wcwidth: [ '1.0.1' ],
70 silly audit   'webidl-conversions': [ '3.0.1', '5.0.0' ],
70 silly audit   'whatwg-fetch': [ '3.6.20' ],
70 silly audit   'whatwg-url': [ '5.0.0' ],
70 silly audit   'whatwg-url-without-unicode': [ '8.0.0-3' ],
70 silly audit   'which-boxed-primitive': [ '1.0.2' ],
70 silly audit   'which-module': [ '2.0.1' ],
70 silly audit   'which-typed-array': [ '1.1.15' ],
70 silly audit   wonka: [ '4.0.15' ],
70 silly audit   wrappy: [ '1.0.2' ],
70 silly audit   'write-file-atomic': [ '2.4.3' ],
70 silly audit   xcode: [ '3.0.1' ],
70 silly audit   xml2js: [ '0.6.0' ],
70 silly audit   xtend: [ '4.0.2' ],
70 silly audit   yaml: [ '2.6.0' ],
70 silly audit   'yocto-queue': [ '0.1.0' ],
70 silly audit   zod: [ '3.23.8' ],
70 silly audit   'zod-validation-error': [ '2.1.0' ],
70 silly audit   'chart.js': [ '4.4.5' ],
70 silly audit   'react-chartjs-2': [ '5.2.0' ]
70 silly audit }
71 verbose reify failed optional dependency /Users/prajaktakumbhar/expense-tracker/node_modules/lightningcss-win32-x64-msvc
72 silly reify mark deleted [
72 silly reify   '/Users/prajaktakumbhar/expense-tracker/node_modules/lightningcss-win32-x64-msvc'
72 silly reify ]
73 verbose reify failed optional dependency /Users/prajaktakumbhar/expense-tracker/node_modules/lightningcss-linux-x64-musl
74 silly reify mark deleted [
74 silly reify   '/Users/prajaktakumbhar/expense-tracker/node_modules/lightningcss-linux-x64-musl'
74 silly reify ]
75 verbose reify failed optional dependency /Users/prajaktakumbhar/expense-tracker/node_modules/lightningcss-linux-x64-gnu
76 silly reify mark deleted [
76 silly reify   '/Users/prajaktakumbhar/expense-tracker/node_modules/lightningcss-linux-x64-gnu'
76 silly reify ]
77 verbose reify failed optional dependency /Users/prajaktakumbhar/expense-tracker/node_modules/lightningcss-linux-arm64-musl
78 silly reify mark deleted [
78 silly reify   '/Users/prajaktakumbhar/expense-tracker/node_modules/lightningcss-linux-arm64-musl'
78 silly reify ]
79 verbose reify failed optional dependency /Users/prajaktakumbhar/expense-tracker/node_modules/lightningcss-linux-arm64-gnu
80 silly reify mark deleted [
80 silly reify   '/Users/prajaktakumbhar/expense-tracker/node_modules/lightningcss-linux-arm64-gnu'
80 silly reify ]
81 verbose reify failed optional dependency /Users/prajaktakumbhar/expense-tracker/node_modules/lightningcss-linux-arm-gnueabihf
82 silly reify mark deleted [
82 silly reify   '/Users/prajaktakumbhar/expense-tracker/node_modules/lightningcss-linux-arm-gnueabihf'
82 silly reify ]
83 verbose reify failed optional dependency /Users/prajaktakumbhar/expense-tracker/node_modules/lightningcss-darwin-x64
84 silly reify mark deleted [
84 silly reify   '/Users/prajaktakumbhar/expense-tracker/node_modules/lightningcss-darwin-x64'
84 silly reify ]
85 http fetch POST 200 https://registry.npmjs.org/-/npm/v1/security/advisories/bulk 463ms
86 silly audit report {
86 silly audit report   send: [
86 silly audit report     {
86 silly audit report       id: 1099525,
86 silly audit report       url: 'https://github.com/advisories/GHSA-m6fv-jmcg-4jfg',
86 silly audit report       title: 'send vulnerable to template injection that can lead to XSS',
86 silly audit report       severity: 'moderate',
86 silly audit report       vulnerable_versions: '<0.19.0',
86 silly audit report       cwe: [Array],
86 silly audit report       cvss: [Object]
86 silly audit report     }
86 silly audit report   ]
86 silly audit report }
87 silly packumentCache corgi:https://registry.npmjs.org/send cache-miss
88 http fetch GET 200 https://registry.npmjs.org/send 90ms (cache revalidated)
89 silly packumentCache corgi:https://registry.npmjs.org/send set size:59867 disposed:false
90 silly packumentCache corgi:https://registry.npmjs.org/@expo%2fcli cache-miss
91 http fetch GET 200 https://registry.npmjs.org/@expo%2fcli 150ms (cache revalidated)
92 silly packumentCache corgi:https://registry.npmjs.org/@expo%2fcli set size:656787 disposed:false
93 silly packumentCache corgi:https://registry.npmjs.org/expo cache-miss
94 http fetch GET 200 https://registry.npmjs.org/expo 87ms (cache revalidated)
95 silly packumentCache corgi:https://registry.npmjs.org/expo set size:1169484 disposed:false
96 silly ADD
97 silly ADD
98 silly ADD
99 silly ADD
100 silly ADD
101 silly ADD
102 silly ADD
103 silly REMOVE node_modules/regenerator-transform
104 silly REMOVE node_modules/esutils
105 silly REMOVE node_modules/@babel/preset-modules
106 silly REMOVE node_modules/@babel/preset-env
107 silly REMOVE node_modules/@babel/plugin-transform-unicode-sets-regex
108 silly REMOVE node_modules/@babel/plugin-transform-unicode-property-regex
109 silly REMOVE node_modules/@babel/plugin-transform-unicode-escapes
110 silly REMOVE node_modules/@babel/plugin-transform-typeof-symbol
111 silly REMOVE node_modules/@babel/plugin-transform-template-literals
112 silly REMOVE node_modules/@babel/plugin-transform-reserved-words
113 silly REMOVE node_modules/@babel/plugin-transform-regenerator
114 silly REMOVE node_modules/@babel/plugin-transform-property-literals
115 silly REMOVE node_modules/@babel/plugin-transform-optional-chaining
116 silly REMOVE node_modules/@babel/plugin-transform-optional-catch-binding
117 silly REMOVE node_modules/@babel/plugin-transform-object-super
118 silly REMOVE node_modules/@babel/plugin-transform-numeric-separator
119 silly REMOVE node_modules/@babel/plugin-transform-nullish-coalescing-operator
120 silly REMOVE node_modules/@babel/plugin-transform-new-target
121 silly REMOVE node_modules/@babel/plugin-transform-modules-umd
122 silly REMOVE node_modules/@babel/plugin-transform-modules-systemjs
123 silly REMOVE node_modules/@babel/plugin-transform-modules-amd
124 silly REMOVE node_modules/@babel/plugin-transform-member-expression-literals
125 silly REMOVE node_modules/@babel/plugin-transform-logical-assignment-operators
126 silly REMOVE node_modules/@babel/plugin-transform-json-strings
127 silly REMOVE node_modules/@babel/plugin-transform-for-of
128 silly REMOVE node_modules/@babel/plugin-transform-exponentiation-operator
129 silly REMOVE node_modules/@babel/plugin-transform-dynamic-import
130 silly REMOVE node_modules/@babel/plugin-transform-duplicate-named-capturing-groups-regex
131 silly REMOVE node_modules/@babel/plugin-transform-duplicate-keys
132 silly REMOVE node_modules/@babel/plugin-transform-dotall-regex
133 silly REMOVE node_modules/@babel/plugin-transform-class-static-block
134 silly REMOVE node_modules/@babel/plugin-transform-class-properties
135 silly REMOVE node_modules/@babel/plugin-transform-block-scoped-functions
136 silly REMOVE node_modules/@babel/plugin-transform-async-generator-functions
137 silly REMOVE node_modules/@babel/plugin-syntax-unicode-sets-regex
138 silly REMOVE node_modules/@babel/plugin-syntax-import-attributes
139 silly REMOVE node_modules/@babel/plugin-syntax-import-assertions
140 silly REMOVE node_modules/@babel/plugin-proposal-private-property-in-object
141 silly REMOVE node_modules/@babel/plugin-bugfix-v8-static-class-fields-redefine-readonly
142 silly REMOVE node_modules/@babel/plugin-bugfix-v8-spread-parameters-in-optional-chaining
143 silly REMOVE node_modules/@babel/plugin-bugfix-safari-id-destructuring-collision-in-function-expression
144 silly REMOVE node_modules/@babel/plugin-bugfix-safari-class-field-initializer-scope
145 silly REMOVE node_modules/@babel/plugin-bugfix-firefox-class-in-computed-class-key
146 silly REMOVE node_modules/@babel/helper-builder-binary-assignment-operator-visitor
147 verbose cwd /Users/prajaktakumbhar/expense-tracker
148 verbose os Darwin 23.6.0
149 verbose node v22.9.0
150 verbose npm  v10.8.3
151 verbose exit 0
152 info ok
