0 verbose cli /opt/homebrew/Cellar/node/22.9.0_1/bin/node /opt/homebrew/bin/npm
1 info using npm@10.8.3
2 info using node@v22.9.0
3 silly config load:file:/opt/homebrew/lib/node_modules/npm/npmrc
4 silly config load:file:/Users/prajaktakumbhar/expense-tracker/.npmrc
5 silly config load:file:/Users/prajaktakumbhar/.npmrc
6 silly config load:file:/opt/homebrew/etc/npmrc
7 verbose title npm install recharts
8 verbose argv "install" "recharts" "--legacy-peer-deps"
9 verbose logfile logs-max:10 dir:/Users/prajaktakumbhar/expense-tracker/clean/_logs/2024-10-22T22_31_14_924Z-
10 verbose logfile /Users/prajaktakumbhar/expense-tracker/clean/_logs/2024-10-22T22_31_14_924Z-debug-0.log
11 silly packumentCache heap:2197815296 maxSize:549453824 maxEntrySize:274726912
12 silly logfile start cleaning logs, removing 1 files
13 silly logfile done cleaning log files
14 silly idealTree buildDeps
15 silly fetch manifest recharts@*
16 silly packumentCache full:https://registry.npmjs.org/recharts cache-miss
17 http fetch GET 200 https://registry.npmjs.org/recharts 136ms (cache hit)
18 silly packumentCache full:https://registry.npmjs.org/recharts set size:1084954 disposed:false
19 silly placeDep ROOT recharts@2.13.0 OK for: expensetracker@1.0.0 want: *
20 silly fetch manifest clsx@^2.0.0
21 silly packumentCache full:https://registry.npmjs.org/clsx cache-miss
22 silly fetch manifest eventemitter3@^4.0.1
23 silly packumentCache full:https://registry.npmjs.org/eventemitter3 cache-miss
24 silly fetch manifest react-is@^18.3.1
25 silly packumentCache full:https://registry.npmjs.org/react-is cache-miss
26 silly fetch manifest react-smooth@^4.0.0
27 silly packumentCache full:https://registry.npmjs.org/react-smooth cache-miss
28 silly fetch manifest recharts-scale@^0.4.4
29 silly packumentCache full:https://registry.npmjs.org/recharts-scale cache-miss
30 silly fetch manifest tiny-invariant@^1.3.1
31 silly packumentCache full:https://registry.npmjs.org/tiny-invariant cache-miss
32 silly fetch manifest victory-vendor@^36.6.8
33 silly packumentCache full:https://registry.npmjs.org/victory-vendor cache-miss
34 http fetch GET 200 https://registry.npmjs.org/react-smooth 8ms (cache hit)
35 silly packumentCache full:https://registry.npmjs.org/react-smooth set size:186556 disposed:false
36 http fetch GET 200 https://registry.npmjs.org/recharts-scale 8ms (cache hit)
37 silly packumentCache full:https://registry.npmjs.org/recharts-scale set size:62529 disposed:false
38 http fetch GET 200 https://registry.npmjs.org/tiny-invariant 9ms (cache hit)
39 silly packumentCache full:https://registry.npmjs.org/tiny-invariant set size:98310 disposed:false
40 http fetch GET 200 https://registry.npmjs.org/eventemitter3 11ms (cache hit)
41 silly packumentCache full:https://registry.npmjs.org/eventemitter3 set size:86060 disposed:false
42 http fetch GET 200 https://registry.npmjs.org/clsx 12ms (cache hit)
43 silly packumentCache full:https://registry.npmjs.org/clsx set size:42489 disposed:false
44 http fetch GET 200 https://registry.npmjs.org/victory-vendor 12ms (cache hit)
45 silly packumentCache full:https://registry.npmjs.org/victory-vendor set size:216632 disposed:false
46 http fetch GET 200 https://registry.npmjs.org/react-is 18ms (cache hit)
47 silly packumentCache full:https://registry.npmjs.org/react-is set size:4153102 disposed:false
48 silly placeDep ROOT clsx@2.1.1 OK for: recharts@2.13.0 want: ^2.0.0
49 silly placeDep ROOT eventemitter3@4.0.7 OK for: recharts@2.13.0 want: ^4.0.1
50 silly placeDep node_modules/recharts react-is@18.3.1 OK for: recharts@2.13.0 want: ^18.3.1
51 silly placeDep ROOT react-smooth@4.0.1 OK for: recharts@2.13.0 want: ^4.0.0
52 silly placeDep ROOT recharts-scale@0.4.5 OK for: recharts@2.13.0 want: ^0.4.4
53 silly placeDep ROOT tiny-invariant@1.3.3 OK for: recharts@2.13.0 want: ^1.3.1
54 silly placeDep ROOT victory-vendor@36.9.2 OK for: recharts@2.13.0 want: ^36.6.8
55 silly fetch manifest fast-equals@^5.0.1
56 silly packumentCache full:https://registry.npmjs.org/fast-equals cache-miss
57 silly fetch manifest react-transition-group@^4.4.5
58 silly packumentCache full:https://registry.npmjs.org/react-transition-group cache-miss
59 silly fetch manifest decimal.js-light@^2.4.1
60 silly packumentCache full:https://registry.npmjs.org/decimal.js-light cache-miss
61 silly fetch manifest d3-ease@^3.0.1
62 silly packumentCache full:https://registry.npmjs.org/d3-ease cache-miss
63 silly fetch manifest d3-time@^3.0.0
64 silly packumentCache full:https://registry.npmjs.org/d3-time cache-miss
65 silly fetch manifest d3-array@^3.1.6
66 silly packumentCache full:https://registry.npmjs.org/d3-array cache-miss
67 silly fetch manifest d3-scale@^4.0.2
68 silly packumentCache full:https://registry.npmjs.org/d3-scale cache-miss
69 http fetch GET 200 https://registry.npmjs.org/react-transition-group 166ms (cache miss)
70 silly packumentCache full:https://registry.npmjs.org/react-transition-group set size:undefined disposed:false
71 silly fetch manifest d3-shape@^3.1.0
72 silly packumentCache full:https://registry.npmjs.org/d3-shape cache-miss
73 http fetch GET 200 https://registry.npmjs.org/decimal.js-light 180ms (cache miss)
74 silly packumentCache full:https://registry.npmjs.org/decimal.js-light set size:undefined disposed:false
75 silly fetch manifest d3-timer@^3.0.1
76 silly packumentCache full:https://registry.npmjs.org/d3-timer cache-miss
77 http fetch GET 200 https://registry.npmjs.org/d3-ease 194ms (cache miss)
78 silly packumentCache full:https://registry.npmjs.org/d3-ease set size:undefined disposed:false
79 silly fetch manifest @types/d3-ease@^3.0.0
80 silly packumentCache full:https://registry.npmjs.org/@types%2fd3-ease cache-miss
81 http fetch GET 200 https://registry.npmjs.org/d3-time 199ms (cache miss)
82 silly packumentCache full:https://registry.npmjs.org/d3-time set size:undefined disposed:false
83 silly fetch manifest @types/d3-time@^3.0.0
84 silly packumentCache full:https://registry.npmjs.org/@types%2fd3-time cache-miss
85 http fetch GET 200 https://registry.npmjs.org/d3-array 219ms (cache miss)
86 silly packumentCache full:https://registry.npmjs.org/d3-array set size:undefined disposed:false
87 silly fetch manifest d3-interpolate@^3.0.1
88 silly packumentCache full:https://registry.npmjs.org/d3-interpolate cache-miss
89 http fetch GET 200 https://registry.npmjs.org/d3-scale 228ms (cache miss)
90 silly packumentCache full:https://registry.npmjs.org/d3-scale set size:undefined disposed:false
91 silly fetch manifest @types/d3-array@^3.0.3
92 silly packumentCache full:https://registry.npmjs.org/@types%2fd3-array cache-miss
93 http fetch GET 200 https://registry.npmjs.org/fast-equals 237ms (cache miss)
94 silly packumentCache full:https://registry.npmjs.org/fast-equals set size:undefined disposed:false
95 silly fetch manifest @types/d3-scale@^4.0.2
96 silly packumentCache full:https://registry.npmjs.org/@types%2fd3-scale cache-miss
97 http fetch GET 200 https://registry.npmjs.org/d3-timer 85ms (cache miss)
98 silly packumentCache full:https://registry.npmjs.org/d3-timer set size:undefined disposed:false
99 silly fetch manifest @types/d3-shape@^3.1.0
100 silly packumentCache full:https://registry.npmjs.org/@types%2fd3-shape cache-miss
101 http fetch GET 200 https://registry.npmjs.org/d3-shape 102ms (cache miss)
102 silly packumentCache full:https://registry.npmjs.org/d3-shape set size:undefined disposed:false
103 silly fetch manifest @types/d3-timer@^3.0.0
104 silly packumentCache full:https://registry.npmjs.org/@types%2fd3-timer cache-miss
105 http fetch GET 200 https://registry.npmjs.org/d3-interpolate 84ms (cache miss)
106 silly packumentCache full:https://registry.npmjs.org/d3-interpolate set size:undefined disposed:false
107 silly fetch manifest @types/d3-interpolate@^3.0.1
108 silly packumentCache full:https://registry.npmjs.org/@types%2fd3-interpolate cache-miss
109 http fetch GET 200 https://registry.npmjs.org/@types%2fd3-time 151ms (cache miss)
110 silly packumentCache full:https://registry.npmjs.org/@types%2fd3-time set size:undefined disposed:false
111 http fetch GET 200 https://registry.npmjs.org/@types%2fd3-array 144ms (cache miss)
112 silly packumentCache full:https://registry.npmjs.org/@types%2fd3-array set size:undefined disposed:false
113 http fetch GET 200 https://registry.npmjs.org/@types%2fd3-scale 137ms (cache miss)
114 silly packumentCache full:https://registry.npmjs.org/@types%2fd3-scale set size:undefined disposed:false
115 http fetch GET 200 https://registry.npmjs.org/@types%2fd3-shape 116ms (cache miss)
116 silly packumentCache full:https://registry.npmjs.org/@types%2fd3-shape set size:undefined disposed:false
117 http fetch GET 200 https://registry.npmjs.org/@types%2fd3-timer 144ms (cache miss)
118 silly packumentCache full:https://registry.npmjs.org/@types%2fd3-timer set size:undefined disposed:false
119 http fetch GET 200 https://registry.npmjs.org/@types%2fd3-interpolate 122ms (cache miss)
120 silly packumentCache full:https://registry.npmjs.org/@types%2fd3-interpolate set size:undefined disposed:false
121 http fetch GET 200 https://registry.npmjs.org/@types%2fd3-ease 233ms (cache miss)
122 silly packumentCache full:https://registry.npmjs.org/@types%2fd3-ease set size:undefined disposed:false
123 silly placeDep ROOT fast-equals@5.0.1 OK for: react-smooth@4.0.1 want: ^5.0.1
124 silly placeDep ROOT react-transition-group@4.4.5 OK for: react-smooth@4.0.1 want: ^4.4.5
125 silly fetch manifest dom-helpers@^5.0.1
126 silly packumentCache full:https://registry.npmjs.org/dom-helpers cache-miss
127 http fetch GET 200 https://registry.npmjs.org/dom-helpers 46ms (cache miss)
128 silly packumentCache full:https://registry.npmjs.org/dom-helpers set size:undefined disposed:false
129 silly placeDep ROOT dom-helpers@5.2.1 OK for: react-transition-group@4.4.5 want: ^5.0.1
130 silly fetch manifest csstype@^3.0.2
131 silly packumentCache full:https://registry.npmjs.org/csstype cache-miss
132 http fetch GET 200 https://registry.npmjs.org/csstype 86ms (cache revalidated)
133 silly packumentCache full:https://registry.npmjs.org/csstype set size:371760 disposed:false
134 silly placeDep ROOT csstype@3.1.3 OK for: dom-helpers@5.2.1 want: ^3.0.2
135 silly placeDep ROOT decimal.js-light@2.5.1 OK for: recharts-scale@0.4.5 want: ^2.4.1
136 silly placeDep ROOT @types/d3-array@3.2.1 OK for: victory-vendor@36.9.2 want: ^3.0.3
137 silly placeDep ROOT @types/d3-ease@3.0.2 OK for: victory-vendor@36.9.2 want: ^3.0.0
138 silly placeDep ROOT @types/d3-interpolate@3.0.4 OK for: victory-vendor@36.9.2 want: ^3.0.1
139 silly placeDep ROOT @types/d3-scale@4.0.8 OK for: victory-vendor@36.9.2 want: ^4.0.2
140 silly placeDep ROOT @types/d3-shape@3.1.6 OK for: victory-vendor@36.9.2 want: ^3.1.0
141 silly placeDep ROOT @types/d3-time@3.0.3 OK for: victory-vendor@36.9.2 want: ^3.0.0
142 silly placeDep ROOT @types/d3-timer@3.0.2 OK for: victory-vendor@36.9.2 want: ^3.0.0
143 silly placeDep ROOT d3-array@3.2.4 OK for: victory-vendor@36.9.2 want: ^3.1.6
144 silly placeDep ROOT d3-ease@3.0.1 OK for: victory-vendor@36.9.2 want: ^3.0.1
145 silly placeDep ROOT d3-interpolate@3.0.1 OK for: victory-vendor@36.9.2 want: ^3.0.1
146 silly placeDep ROOT d3-scale@4.0.2 OK for: victory-vendor@36.9.2 want: ^4.0.2
147 silly placeDep ROOT d3-shape@3.2.0 OK for: victory-vendor@36.9.2 want: ^3.1.0
148 silly placeDep ROOT d3-time@3.1.0 OK for: victory-vendor@36.9.2 want: ^3.0.0
149 silly placeDep ROOT d3-timer@3.0.1 OK for: victory-vendor@36.9.2 want: ^3.0.1
150 silly fetch manifest @types/d3-color@*
151 silly packumentCache full:https://registry.npmjs.org/@types%2fd3-color cache-miss
152 silly fetch manifest @types/d3-time@*
153 silly packumentCache full:https://registry.npmjs.org/@types%2fd3-time cache-miss
154 silly fetch manifest @types/d3-path@*
155 silly packumentCache full:https://registry.npmjs.org/@types%2fd3-path cache-miss
156 silly fetch manifest internmap@1 - 2
157 silly packumentCache full:https://registry.npmjs.org/internmap cache-miss
158 silly fetch manifest d3-color@1 - 3
159 silly packumentCache full:https://registry.npmjs.org/d3-color cache-miss
160 silly fetch manifest d3-format@1 - 3
161 silly packumentCache full:https://registry.npmjs.org/d3-format cache-miss
162 silly fetch manifest d3-time@2.1.1 - 3
163 silly packumentCache full:https://registry.npmjs.org/d3-time cache-miss
164 http fetch GET 200 https://registry.npmjs.org/d3-time 5ms (cache hit)
165 silly packumentCache full:https://registry.npmjs.org/d3-time set size:150406 disposed:false
166 silly fetch manifest d3-time-format@2 - 4
167 silly packumentCache full:https://registry.npmjs.org/d3-time-format cache-miss
168 http fetch GET 200 https://registry.npmjs.org/@types%2fd3-time 6ms (cache hit)
169 silly packumentCache full:https://registry.npmjs.org/@types%2fd3-time set size:50763 disposed:false
170 silly fetch manifest d3-path@^3.1.0
171 silly packumentCache full:https://registry.npmjs.org/d3-path cache-miss
172 http fetch GET 200 https://registry.npmjs.org/internmap 70ms (cache miss)
173 silly packumentCache full:https://registry.npmjs.org/internmap set size:undefined disposed:false
174 http fetch GET 200 https://registry.npmjs.org/d3-color 80ms (cache miss)
175 silly packumentCache full:https://registry.npmjs.org/d3-color set size:undefined disposed:false
176 http fetch GET 200 https://registry.npmjs.org/d3-path 74ms (cache miss)
177 silly packumentCache full:https://registry.npmjs.org/d3-path set size:undefined disposed:false
178 http fetch GET 200 https://registry.npmjs.org/d3-time-format 76ms (cache miss)
179 silly packumentCache full:https://registry.npmjs.org/d3-time-format set size:undefined disposed:false
180 http fetch GET 200 https://registry.npmjs.org/d3-format 85ms (cache miss)
181 silly packumentCache full:https://registry.npmjs.org/d3-format set size:undefined disposed:false
182 http fetch GET 200 https://registry.npmjs.org/@types%2fd3-path 136ms (cache miss)
183 silly packumentCache full:https://registry.npmjs.org/@types%2fd3-path set size:undefined disposed:false
184 http fetch GET 200 https://registry.npmjs.org/@types%2fd3-color 152ms (cache miss)
185 silly packumentCache full:https://registry.npmjs.org/@types%2fd3-color set size:undefined disposed:false
186 silly placeDep ROOT @types/d3-color@3.1.3 OK for: @types/d3-interpolate@3.0.4 want: *
187 silly placeDep ROOT @types/d3-path@3.1.0 OK for: @types/d3-shape@3.1.6 want: *
188 silly placeDep ROOT internmap@2.0.3 OK for: d3-array@3.2.4 want: 1 - 2
189 silly placeDep ROOT d3-color@3.1.0 OK for: d3-interpolate@3.0.1 want: 1 - 3
190 silly placeDep ROOT d3-format@3.1.0 OK for: d3-scale@4.0.2 want: 1 - 3
191 silly placeDep ROOT d3-time-format@4.1.0 OK for: d3-scale@4.0.2 want: 2 - 4
192 silly placeDep ROOT d3-path@3.1.0 OK for: d3-shape@3.2.0 want: ^3.1.0
193 silly reify moves {}
194 silly audit bulk request {
194 silly audit   '@ampproject/remapping': [ '2.3.0' ],
194 silly audit   '@babel/code-frame': [ '7.25.9', '7.10.4' ],
194 silly audit   '@babel/compat-data': [ '7.25.9' ],
194 silly audit   '@babel/core': [ '7.25.9' ],
194 silly audit   '@babel/generator': [ '7.25.9', '7.2.0' ],
194 silly audit   '@babel/helper-annotate-as-pure': [ '7.25.9' ],
194 silly audit   '@babel/helper-compilation-targets': [ '7.25.9' ],
194 silly audit   '@babel/helper-create-class-features-plugin': [ '7.25.9' ],
194 silly audit   '@babel/helper-create-regexp-features-plugin': [ '7.25.9' ],
194 silly audit   '@babel/helper-define-polyfill-provider': [ '0.6.2' ],
194 silly audit   '@babel/helper-environment-visitor': [ '7.24.7' ],
194 silly audit   '@babel/helper-member-expression-to-functions': [ '7.25.9' ],
194 silly audit   '@babel/helper-module-imports': [ '7.25.9' ],
194 silly audit   '@babel/helper-module-transforms': [ '7.25.9' ],
194 silly audit   '@babel/helper-optimise-call-expression': [ '7.25.9' ],
194 silly audit   '@babel/helper-plugin-utils': [ '7.25.9' ],
194 silly audit   '@babel/helper-remap-async-to-generator': [ '7.25.9' ],
194 silly audit   '@babel/helper-replace-supers': [ '7.25.9' ],
194 silly audit   '@babel/helper-simple-access': [ '7.25.9' ],
194 silly audit   '@babel/helper-skip-transparent-expression-wrappers': [ '7.25.9' ],
194 silly audit   '@babel/helper-string-parser': [ '7.25.9' ],
194 silly audit   '@babel/helper-validator-identifier': [ '7.25.9' ],
194 silly audit   '@babel/helper-validator-option': [ '7.25.9' ],
194 silly audit   '@babel/helper-wrap-function': [ '7.25.9' ],
194 silly audit   '@babel/helpers': [ '7.25.9' ],
194 silly audit   '@babel/highlight': [ '7.25.9' ],
194 silly audit   '@babel/parser': [ '7.25.9' ],
194 silly audit   '@babel/plugin-proposal-async-generator-functions': [ '7.20.7' ],
194 silly audit   '@babel/plugin-proposal-class-properties': [ '7.18.6' ],
194 silly audit   '@babel/plugin-proposal-decorators': [ '7.25.9' ],
194 silly audit   '@babel/plugin-proposal-export-default-from': [ '7.25.9' ],
194 silly audit   '@babel/plugin-proposal-logical-assignment-operators': [ '7.20.7' ],
194 silly audit   '@babel/plugin-proposal-nullish-coalescing-operator': [ '7.18.6' ],
194 silly audit   '@babel/plugin-proposal-numeric-separator': [ '7.18.6' ],
194 silly audit   '@babel/plugin-proposal-object-rest-spread': [ '7.20.7' ],
194 silly audit   '@babel/plugin-proposal-optional-catch-binding': [ '7.18.6' ],
194 silly audit   '@babel/plugin-proposal-optional-chaining': [ '7.21.0' ],
194 silly audit   '@babel/plugin-syntax-async-generators': [ '7.8.4' ],
194 silly audit   '@babel/plugin-syntax-decorators': [ '7.25.9' ],
194 silly audit   '@babel/plugin-syntax-dynamic-import': [ '7.8.3' ],
194 silly audit   '@babel/plugin-syntax-export-default-from': [ '7.25.9' ],
194 silly audit   '@babel/plugin-syntax-flow': [ '7.25.9' ],
194 silly audit   '@babel/plugin-syntax-jsx': [ '7.25.9' ],
194 silly audit   '@babel/plugin-syntax-logical-assignment-operators': [ '7.10.4' ],
194 silly audit   '@babel/plugin-syntax-nullish-coalescing-operator': [ '7.8.3' ],
194 silly audit   '@babel/plugin-syntax-numeric-separator': [ '7.10.4' ],
194 silly audit   '@babel/plugin-syntax-object-rest-spread': [ '7.8.3' ],
194 silly audit   '@babel/plugin-syntax-optional-catch-binding': [ '7.8.3' ],
194 silly audit   '@babel/plugin-syntax-optional-chaining': [ '7.8.3' ],
194 silly audit   '@babel/plugin-syntax-typescript': [ '7.25.9' ],
194 silly audit   '@babel/plugin-transform-arrow-functions': [ '7.25.9' ],
194 silly audit   '@babel/plugin-transform-async-to-generator': [ '7.25.9' ],
194 silly audit   '@babel/plugin-transform-block-scoping': [ '7.25.9' ],
194 silly audit   '@babel/plugin-transform-classes': [ '7.25.9' ],
194 silly audit   '@babel/plugin-transform-computed-properties': [ '7.25.9' ],
194 silly audit   '@babel/plugin-transform-destructuring': [ '7.25.9' ],
194 silly audit   '@babel/plugin-transform-export-namespace-from': [ '7.25.9' ],
194 silly audit   '@babel/plugin-transform-flow-strip-types': [ '7.25.9' ],
194 silly audit   '@babel/plugin-transform-function-name': [ '7.25.9' ],
194 silly audit   '@babel/plugin-transform-literals': [ '7.25.9' ],
194 silly audit   '@babel/plugin-transform-modules-commonjs': [ '7.25.9' ],
194 silly audit   '@babel/plugin-transform-named-capturing-groups-regex': [ '7.25.9' ],
194 silly audit   '@babel/plugin-transform-object-rest-spread': [ '7.25.9' ],
194 silly audit   '@babel/plugin-transform-parameters': [ '7.25.9' ],
194 silly audit   '@babel/plugin-transform-private-methods': [ '7.25.9' ],
194 silly audit   '@babel/plugin-transform-private-property-in-object': [ '7.25.9' ],
194 silly audit   '@babel/plugin-transform-react-display-name': [ '7.25.9' ],
194 silly audit   '@babel/plugin-transform-react-jsx': [ '7.25.9' ],
194 silly audit   '@babel/plugin-transform-react-jsx-development': [ '7.25.9' ],
194 silly audit   '@babel/plugin-transform-react-jsx-self': [ '7.25.9' ],
194 silly audit   '@babel/plugin-transform-react-jsx-source': [ '7.25.9' ],
194 silly audit   '@babel/plugin-transform-react-pure-annotations': [ '7.25.9' ],
194 silly audit   '@babel/plugin-transform-runtime': [ '7.25.9' ],
194 silly audit   '@babel/plugin-transform-shorthand-properties': [ '7.25.9' ],
194 silly audit   '@babel/plugin-transform-spread': [ '7.25.9' ],
194 silly audit   '@babel/plugin-transform-sticky-regex': [ '7.25.9' ],
194 silly audit   '@babel/plugin-transform-typescript': [ '7.25.9' ],
194 silly audit   '@babel/plugin-transform-unicode-regex': [ '7.25.9' ],
194 silly audit   '@babel/preset-flow': [ '7.25.9' ],
194 silly audit   '@babel/preset-react': [ '7.25.9' ],
194 silly audit   '@babel/preset-typescript': [ '7.25.9' ],
194 silly audit   '@babel/register': [ '7.25.9' ],
194 silly audit   '@babel/runtime': [ '7.25.9' ],
194 silly audit   '@babel/template': [ '7.25.9' ],
194 silly audit   '@babel/traverse': [ '7.25.9' ],
194 silly audit   '@babel/types': [ '7.25.9' ],
194 silly audit   '@expo/bunyan': [ '4.0.1' ],
194 silly audit   '@expo/cli': [ '0.18.30' ],
194 silly audit   'ansi-styles': [ '4.3.0', '6.2.1', '3.2.1', '5.2.0' ],
194 silly audit   chalk: [ '4.1.2', '2.4.2' ],
194 silly audit   'color-convert': [ '2.0.1', '1.9.3' ],
194 silly audit   'color-name': [ '1.1.4', '1.1.3' ],
194 silly audit   'has-flag': [ '4.0.0', '3.0.0' ],
194 silly audit   semver: [ '7.6.3', '5.7.2', '6.3.1' ],
194 silly audit   'supports-color': [ '7.2.0', '8.1.1', '5.5.0' ],
194 silly audit   '@expo/code-signing-certificates': [ '0.0.5' ],
194 silly audit   '@expo/config': [ '9.0.4' ],
194 silly audit   '@expo/config-plugins': [ '8.0.10' ],
194 silly audit   glob: [ '7.1.6', '10.4.5', '7.2.3' ],
194 silly audit   '@expo/config-types': [ '51.0.3' ],
194 silly audit   '@expo/devcert': [ '1.1.4' ],
194 silly audit   'brace-expansion': [ '2.0.1', '1.1.11' ],
194 silly audit   debug: [ '3.2.7', '2.6.9', '4.3.7' ],
194 silly audit   minimatch: [ '9.0.5', '3.1.2' ],
194 silly audit   '@expo/env': [ '0.3.0' ],
194 silly audit   '@expo/image-utils': [ '0.5.1' ],
194 silly audit   'crypto-random-string': [ '1.0.0', '2.0.0' ],
194 silly audit   'fs-extra': [ '9.0.0', '9.1.0', '8.1.0' ],
194 silly audit   jsonfile: [ '6.1.0', '4.0.0' ],
194 silly audit   universalify: [ '2.0.1', '1.0.0', '0.1.2' ],
194 silly audit   'temp-dir': [ '1.0.0', '2.0.0' ],
194 silly audit   tempy: [ '0.3.0', '0.7.1' ],
194 silly audit   'type-fest': [ '0.3.1', '0.7.1', '0.16.0', '0.21.3' ],
194 silly audit   'unique-string': [ '1.0.0', '2.0.0' ],
194 silly audit   '@expo/json-file': [ '8.3.3' ],
194 silly audit   '@expo/metro-config': [ '0.18.11' ],
194 silly audit   '@expo/osascript': [ '2.1.3' ],
194 silly audit   '@expo/package-manager': [ '1.5.2' ],
194 silly audit   'sudo-prompt': [ '9.1.1', '9.2.1', '8.2.5' ],
194 silly audit   '@expo/plist': [ '0.1.3' ],
194 silly audit   '@expo/prebuild-config': [ '7.0.9' ],
194 silly audit   '@expo/rudder-sdk-node': [ '1.1.1' ],
194 silly audit   '@expo/sdk-runtime-versions': [ '1.0.0' ],
194 silly audit   '@expo/spawn-async': [ '1.7.2' ],
194 silly audit   '@expo/vector-icons': [ '14.0.4' ],
194 silly audit   '@expo/xcpretty': [ '4.3.1' ],
194 silly audit   argparse: [ '2.0.1', '1.0.10' ],
194 silly audit   'js-yaml': [ '4.1.0', '3.14.1' ],
194 silly audit   '@graphql-typed-document-node/core': [ '3.2.0' ],
194 silly audit   '@hapi/hoek': [ '9.3.0' ],
194 silly audit   '@hapi/topo': [ '5.1.0' ],
194 silly audit   '@isaacs/cliui': [ '8.0.2' ],
194 silly audit   'ansi-regex': [ '6.1.0', '5.0.1', '4.1.1' ],
194 silly audit   'emoji-regex': [ '9.2.2', '8.0.0' ],
194 silly audit   'string-width': [ '5.1.2', '4.2.3' ],
194 silly audit   'strip-ansi': [ '7.1.0', '6.0.1', '5.2.0' ],
194 silly audit   'wrap-ansi': [ '8.1.0', '6.2.0', '7.0.0' ],
194 silly audit   '@isaacs/ttlcache': [ '1.4.1' ],
194 silly audit   '@jest/create-cache-key-function': [ '29.7.0' ],
194 silly audit   '@jest/types': [ '29.6.3', '24.9.0', '26.6.2' ],
194 silly audit   '@types/istanbul-reports': [ '3.0.4', '1.1.2' ],
194 silly audit   '@types/yargs': [ '17.0.33', '15.0.19', '13.0.12' ],
194 silly audit   '@jest/environment': [ '29.7.0' ],
194 silly audit   '@jest/fake-timers': [ '29.7.0' ],
194 silly audit   '@jest/schemas': [ '29.6.3' ],
194 silly audit   '@jridgewell/gen-mapping': [ '0.3.5' ],
194 silly audit   '@jridgewell/resolve-uri': [ '3.1.2' ],
194 silly audit   '@jridgewell/set-array': [ '1.2.1' ],
194 silly audit   '@jridgewell/source-map': [ '0.3.6' ],
194 silly audit   '@jridgewell/sourcemap-codec': [ '1.5.0' ],
194 silly audit   '@jridgewell/trace-mapping': [ '0.3.25' ],
194 silly audit   '@kurkle/color': [ '0.3.2' ],
194 silly audit   '@nodelib/fs.scandir': [ '2.1.5' ],
194 silly audit   '@nodelib/fs.stat': [ '2.0.5' ],
194 silly audit   '@nodelib/fs.walk': [ '1.2.8' ],
194 silly audit   '@npmcli/fs': [ '3.1.1' ],
194 silly audit   '@pkgjs/parseargs': [ '0.11.0' ],
194 silly audit   '@react-native-community/cli': [ '13.6.9' ],
194 silly audit   '@react-native-community/cli-clean': [ '13.6.9' ],
194 silly audit   execa: [ '5.1.1', '1.0.0' ],
194 silly audit   'get-stream': [ '6.0.1', '4.1.0' ],
194 silly audit   'is-stream': [ '2.0.1', '1.1.0' ],
194 silly audit   'mimic-fn': [ '2.1.0', '1.2.0' ],
194 silly audit   'npm-run-path': [ '4.0.1', '2.0.2' ],
194 silly audit   onetime: [ '5.1.2', '2.0.1' ],
194 silly audit   '@react-native-community/cli-config': [ '13.6.9' ],
194 silly audit   '@react-native-community/cli-debugger-ui': [ '13.6.9' ],
194 silly audit   '@react-native-community/cli-doctor': [ '13.6.9' ],
194 silly audit   'cli-cursor': [ '3.1.0', '2.1.0' ],
194 silly audit   'log-symbols': [ '4.1.0', '2.2.0' ],
194 silly audit   ora: [ '5.4.1', '3.4.0' ],
194 silly audit   'restore-cursor': [ '3.1.0', '2.0.0' ],
194 silly audit   '@react-native-community/cli-hermes': [ '13.6.9' ],
194 silly audit   '@react-native-community/cli-platform-android': [ '13.6.9' ],
194 silly audit   '@react-native-community/cli-platform-apple': [ '13.6.9' ],
194 silly audit   '@react-native-community/cli-platform-ios': [ '13.6.9' ],
194 silly audit   '@react-native-community/cli-server-api': [ '13.6.9' ],
194 silly audit   'pretty-format': [ '26.6.2', '29.7.0', '24.9.0' ],
194 silly audit   'react-is': [ '17.0.2', '18.3.1', '16.13.1' ],
194 silly audit   ws: [ '6.2.3', '7.5.10', '8.18.0' ],
194 silly audit   '@react-native-community/cli-tools': [ '13.6.9' ],
194 silly audit   'is-wsl': [ '1.1.0', '2.2.0' ],
194 silly audit   open: [ '6.4.0', '7.4.2', '8.4.2' ],
194 silly audit   '@react-native-community/cli-types': [ '13.6.9' ],
194 silly audit   commander: [ '9.5.0', '7.2.0', '4.1.1', '2.20.3' ],
194 silly audit   'find-up': [ '4.1.0', '5.0.0', '3.0.0' ],
194 silly audit   'locate-path': [ '5.0.0', '6.0.0', '3.0.0' ],
194 silly audit   'p-limit': [ '2.3.0', '3.1.0' ],
194 silly audit   'p-locate': [ '4.1.0', '5.0.0', '3.0.0' ],
194 silly audit   '@react-native/assets-registry': [ '0.74.87' ],
194 silly audit   '@react-native/babel-plugin-codegen': [ '0.74.87' ],
194 silly audit   '@react-native/babel-preset': [ '0.74.87' ],
194 silly audit   '@react-native/codegen': [ '0.74.87' ],
194 silly audit   '@react-native/community-cli-plugin': [ '0.74.87' ],
194 silly audit   '@react-native/debugger-frontend': [ '0.74.87', '0.74.85' ],
194 silly audit   '@react-native/dev-middleware': [ '0.74.87', '0.74.85' ],
194 silly audit   ms: [ '2.0.0', '2.1.3' ],
194 silly audit   '@react-native/gradle-plugin': [ '0.74.87' ],
194 silly audit   '@react-native/js-polyfills': [ '0.74.87' ],
194 silly audit   '@react-native/metro-babel-transformer': [ '0.74.87' ],
194 silly audit   '@react-native/normalize-colors': [ '0.74.85', '0.74.87' ],
194 silly audit   '@react-native/virtualized-lists': [ '0.74.87' ],
194 silly audit   '@rnx-kit/chromium-edge-launcher': [ '1.0.0' ],
194 silly audit   'escape-string-regexp': [ '4.0.0', '1.0.5', '2.0.0' ],
194 silly audit   mkdirp: [ '1.0.4', '0.5.6' ],
194 silly audit   '@segment/loosely-validate-event': [ '2.0.0' ],
194 silly audit   '@sideway/address': [ '4.1.5' ],
194 silly audit   '@sideway/formula': [ '3.0.1' ],
194 silly audit   '@sideway/pinpoint': [ '2.0.0' ],
194 silly audit   '@sinclair/typebox': [ '0.27.8' ],
194 silly audit   '@sinonjs/commons': [ '3.0.1' ],
194 silly audit   '@sinonjs/fake-timers': [ '10.3.0' ],
194 silly audit   '@types/istanbul-lib-coverage': [ '2.0.6' ],
194 silly audit   '@types/istanbul-lib-report': [ '3.0.3' ],
194 silly audit   '@types/node': [ '18.19.58' ],
194 silly audit   '@types/node-forge': [ '1.3.11' ],
194 silly audit   '@types/stack-utils': [ '2.0.3' ],
194 silly audit   '@types/yargs-parser': [ '21.0.3' ],
194 silly audit   '@urql/core': [ '2.3.6' ],
194 silly audit   '@urql/exchange-retry': [ '0.3.0' ],
194 silly audit   '@xmldom/xmldom': [ '0.7.13', '0.8.10' ],
194 silly audit   'abort-controller': [ '3.0.0' ],
194 silly audit   accepts: [ '1.3.8' ],
194 silly audit   acorn: [ '8.13.0' ],
194 silly audit   'agent-base': [ '6.0.2' ],
194 silly audit   'aggregate-error': [ '3.1.0' ],
194 silly audit   anser: [ '1.4.10' ],
194 silly audit   'ansi-escapes': [ '4.3.2' ],
194 silly audit   'ansi-fragments': [ '0.2.1' ],
194 silly audit   'any-promise': [ '1.3.0' ],
194 silly audit   anymatch: [ '3.1.3' ],
194 silly audit   picomatch: [ '2.3.1', '3.0.1' ],
194 silly audit   appdirsjs: [ '1.2.7' ],
194 silly audit   'append-field': [ '1.0.0' ],
194 silly audit   'application-config-path': [ '0.1.1' ],
194 silly audit   arg: [ '5.0.2' ],
194 silly audit   'array-buffer-byte-length': [ '1.0.1' ],
194 silly audit   'array-union': [ '2.1.0' ],
194 silly audit   'arraybuffer.prototype.slice': [ '1.0.3' ],
194 silly audit   asap: [ '2.0.6' ],
194 silly audit   'ast-types': [ '0.15.2' ],
194 silly audit   'astral-regex': [ '1.0.0' ],
194 silly audit   'async-limiter': [ '1.0.1' ],
194 silly audit   asynckit: [ '0.4.0' ],
194 silly audit   'at-least-node': [ '1.0.0' ],
194 silly audit   'available-typed-arrays': [ '1.0.7' ],
194 silly audit   'babel-core': [ '7.0.0-bridge.0' ],
194 silly audit   'babel-plugin-polyfill-corejs2': [ '0.4.11' ],
194 silly audit   'babel-plugin-polyfill-corejs3': [ '0.10.6' ],
194 silly audit   'babel-plugin-polyfill-regenerator': [ '0.6.2' ],
194 silly audit   'babel-plugin-react-compiler': [ '0.0.0-experimental-592953e-20240517' ],
194 silly audit   jsesc: [ '2.5.2', '3.0.2' ],
194 silly audit   'source-map': [ '0.5.7', '0.6.1', '0.7.4' ],
194 silly audit   'babel-plugin-react-native-web': [ '0.19.13' ],
194 silly audit   'babel-plugin-transform-flow-enums': [ '0.0.2' ],
194 silly audit   'babel-preset-expo': [ '11.0.15' ],
194 silly audit   'balanced-match': [ '1.0.2' ],
194 silly audit   'base64-js': [ '1.5.1' ],
194 silly audit   'better-opn': [ '3.0.2' ],
194 silly audit   'big-integer': [ '1.6.52' ],
194 silly audit   bl: [ '4.1.0' ],
194 silly audit   'readable-stream': [ '3.6.2', '2.3.8' ],
194 silly audit   'bplist-creator': [ '0.0.7', '0.1.0' ],
194 silly audit   'bplist-parser': [ '0.3.2', '0.3.1' ],
194 silly audit   braces: [ '3.0.3' ],
194 silly audit   browserslist: [ '4.24.2' ],
194 silly audit   bser: [ '2.1.1' ],
194 silly audit   buffer: [ '5.7.1' ],
194 silly audit   'buffer-alloc': [ '1.2.0' ],
194 silly audit   'buffer-alloc-unsafe': [ '1.1.0' ],
194 silly audit   'buffer-fill': [ '1.0.0' ],
194 silly audit   'buffer-from': [ '1.1.2' ],
194 silly audit   builtins: [ '1.0.3' ],
194 silly audit   busboy: [ '1.6.0' ],
194 silly audit   bytes: [ '3.0.0' ],
194 silly audit   cacache: [ '18.0.4' ],
194 silly audit   'lru-cache': [ '10.4.3', '6.0.0', '5.1.1' ],
194 silly audit   'call-bind': [ '1.0.7' ],
194 silly audit   'caller-callsite': [ '2.0.0' ],
194 silly audit   'caller-path': [ '2.0.0' ],
194 silly audit   callsites: [ '2.0.0' ],
194 silly audit   camelcase: [ '6.3.0', '5.3.1' ],
194 silly audit   'caniuse-lite': [ '1.0.30001669' ],
194 silly audit   charenc: [ '0.0.2' ],
194 silly audit   'chart.js': [ '4.4.5' ],
194 silly audit   chownr: [ '2.0.0' ],
194 silly audit   'chrome-launcher': [ '0.15.2' ],
194 silly audit   'ci-info': [ '3.9.0', '2.0.0' ],
194 silly audit   'clean-stack': [ '2.2.0' ],
194 silly audit   'cli-spinners': [ '2.9.2' ],
194 silly audit   cliui: [ '8.0.1', '6.0.0' ],
194 silly audit   clone: [ '2.1.2', '1.0.4' ],
194 silly audit   'clone-deep': [ '4.0.1' ],
194 silly audit   colorette: [ '1.4.0' ],
194 silly audit   'combined-stream': [ '1.0.8' ],
194 silly audit   'command-exists': [ '1.2.9' ],
194 silly audit   commondir: [ '1.0.1' ],
194 silly audit   'component-type': [ '1.2.2' ],
194 silly audit   compressible: [ '2.0.18' ],
194 silly audit   compression: [ '1.7.4' ],
194 silly audit   'concat-map': [ '0.0.1' ],
194 silly audit   'concat-stream': [ '1.6.2' ],
194 silly audit   connect: [ '3.7.0' ],
194 silly audit   'convert-source-map': [ '2.0.0' ],
194 silly audit   'core-js-compat': [ '3.38.1' ],
194 silly audit   'core-util-is': [ '1.0.3' ],
194 silly audit   cosmiconfig: [ '5.2.1' ],
194 silly audit   'cross-fetch': [ '3.1.8' ],
194 silly audit   'cross-spawn': [ '7.0.3', '6.0.5' ],
194 silly audit   crypt: [ '0.0.2' ],
194 silly audit   'dag-map': [ '1.0.2' ],
194 silly audit   'data-view-buffer': [ '1.0.1' ],
194 silly audit   'data-view-byte-length': [ '1.0.1' ],
194 silly audit   'data-view-byte-offset': [ '1.0.0' ],
194 silly audit   dayjs: [ '1.11.13' ],
194 silly audit   decamelize: [ '1.2.0' ],
194 silly audit   'deep-extend': [ '0.6.0' ],
194 silly audit   deepmerge: [ '4.3.1' ],
194 silly audit   'default-gateway': [ '4.2.0' ],
194 silly audit   defaults: [ '1.0.4' ],
194 silly audit   'define-data-property': [ '1.1.4' ],
194 silly audit   'define-lazy-prop': [ '2.0.0' ],
194 silly audit   'define-properties': [ '1.2.1' ],
194 silly audit   del: [ '6.1.1' ],
194 silly audit   'delayed-stream': [ '1.0.0' ],
194 silly audit   denodeify: [ '1.2.1' ],
194 silly audit   depd: [ '2.0.0' ],
194 silly audit   destroy: [ '1.2.0' ],
194 silly audit   'detect-libc': [ '1.0.3' ],
194 silly audit   'dir-glob': [ '3.0.1' ],
194 silly audit   dotenv: [ '16.4.5' ],
194 silly audit   'dotenv-expand': [ '11.0.6' ],
194 silly audit   eastasianwidth: [ '0.2.0' ],
194 silly audit   'ee-first': [ '1.1.1' ],
194 silly audit   'electron-to-chromium': [ '1.5.42' ],
194 silly audit   encodeurl: [ '1.0.2', '2.0.0' ],
194 silly audit   'end-of-stream': [ '1.4.4' ],
194 silly audit   'env-editor': [ '0.4.2' ],
194 silly audit   envinfo: [ '7.14.0' ],
194 silly audit   eol: [ '0.9.1' ],
194 silly audit   'error-ex': [ '1.3.2' ],
194 silly audit   'error-stack-parser': [ '2.1.4' ],
194 silly audit   errorhandler: [ '1.5.1' ],
194 silly audit   'es-abstract': [ '1.23.3' ],
194 silly audit   'es-define-property': [ '1.0.0' ],
194 silly audit   'es-errors': [ '1.3.0' ],
194 silly audit   'es-object-atoms': [ '1.0.0' ],
194 silly audit   'es-set-tostringtag': [ '2.0.3' ],
194 silly audit   'es-to-primitive': [ '1.2.1' ],
194 silly audit   escalade: [ '3.2.0' ],
194 silly audit   'escape-html': [ '1.0.3' ],
194 silly audit   esprima: [ '4.0.1' ],
194 silly audit   etag: [ '1.8.1' ],
194 silly audit   'event-target-shim': [ '5.0.1' ],
194 silly audit   'exec-async': [ '2.2.0' ],
194 silly audit   'path-key': [ '2.0.1', '3.1.1' ],
194 silly audit   'shebang-command': [ '1.2.0', '2.0.0' ],
194 silly audit   'shebang-regex': [ '1.0.0', '3.0.0' ],
194 silly audit   which: [ '1.3.1', '2.0.2' ],
194 silly audit   expo: [ '51.0.38' ],
194 silly audit   'expo-asset': [ '10.0.10' ],
194 silly audit   'expo-constants': [ '16.0.2' ],
194 silly audit   'expo-file-system': [ '17.0.1' ],
194 silly audit   'expo-font': [ '12.0.10' ],
194 silly audit   'expo-keep-awake': [ '13.0.2' ],
194 silly audit   'expo-modules-autolinking': [ '1.11.3' ],
194 silly audit   'expo-modules-core': [ '1.12.26' ],
194 silly audit   'expo-status-bar': [ '1.12.1' ],
194 silly audit   'exponential-backoff': [ '3.1.1' ],
194 silly audit   'fast-glob': [ '3.3.2' ],
194 silly audit   'fast-xml-parser': [ '4.5.0' ],
194 silly audit   fastq: [ '1.17.1' ],
194 silly audit   'fb-watchman': [ '2.0.2' ],
194 silly audit   fbemitter: [ '3.0.0' ],
194 silly audit   fbjs: [ '3.0.5' ],
194 silly audit   'fbjs-css-vars': [ '1.0.2' ],
194 silly audit   'fetch-retry': [ '4.1.1' ],
194 silly audit   'fill-range': [ '7.1.1' ],
194 silly audit   finalhandler: [ '1.1.2' ],
194 silly audit   'find-cache-dir': [ '2.1.0' ],
194 silly audit   'find-yarn-workspace-root': [ '2.0.0' ],
194 silly audit   'flow-enums-runtime': [ '0.0.6' ],
194 silly audit   'flow-parser': [ '0.250.0' ],
194 silly audit   fontfaceobserver: [ '2.3.0' ],
194 silly audit   'for-each': [ '0.3.3' ],
194 silly audit   'foreground-child': [ '3.3.0' ],
194 silly audit   'signal-exit': [ '4.1.0', '3.0.7' ],
194 silly audit   'form-data': [ '3.0.2' ],
194 silly audit   'freeport-async': [ '2.0.0' ],
194 silly audit   fresh: [ '0.5.2' ],
194 silly audit   'fs-minipass': [ '3.0.3', '2.1.0' ],
194 silly audit   'fs.realpath': [ '1.0.0' ],
194 silly audit   fsevents: [ '2.3.3' ],
194 silly audit   'function-bind': [ '1.1.2' ],
194 silly audit   'function.prototype.name': [ '1.1.6' ],
194 silly audit   'functions-have-names': [ '1.2.3' ],
194 silly audit   gensync: [ '1.0.0-beta.2' ],
194 silly audit   'get-caller-file': [ '2.0.5' ],
194 silly audit   'get-intrinsic': [ '1.2.4' ],
194 silly audit   'get-port': [ '3.2.0' ],
194 silly audit   'get-symbol-description': [ '1.0.2' ],
194 silly audit   getenv: [ '1.0.0' ],
194 silly audit   'glob-parent': [ '5.1.2' ],
194 silly audit   globals: [ '11.12.0' ],
194 silly audit   globalthis: [ '1.0.4' ],
194 silly audit   globby: [ '11.1.0' ],
194 silly audit   gopd: [ '1.0.1' ],
194 silly audit   'graceful-fs': [ '4.2.11' ],
194 silly audit   graphql: [ '15.8.0' ],
194 silly audit   'graphql-tag': [ '2.12.6' ],
194 silly audit   'has-bigints': [ '1.0.2' ],
194 silly audit   'has-property-descriptors': [ '1.0.2' ],
194 silly audit   'has-proto': [ '1.0.3' ],
194 silly audit   'has-symbols': [ '1.0.3' ],
194 silly audit   'has-tostringtag': [ '1.0.2' ],
194 silly audit   hasown: [ '2.0.2' ],
194 silly audit   'hermes-estree': [ '0.19.1', '0.23.1' ],
194 silly audit   'hermes-parser': [ '0.19.1', '0.23.1' ],
194 silly audit   'hermes-profile-transformer': [ '0.0.6' ],
194 silly audit   'hosted-git-info': [ '3.0.8' ],
194 silly audit   yallist: [ '4.0.0', '3.1.1' ],
194 silly audit   'http-errors': [ '2.0.0' ],
194 silly audit   statuses: [ '2.0.1', '1.5.0' ],
194 silly audit   'https-proxy-agent': [ '5.0.1' ],
194 silly audit   'human-signals': [ '2.1.0' ],
194 silly audit   ieee754: [ '1.2.1' ],
194 silly audit   ignore: [ '5.3.2' ],
194 silly audit   'image-size': [ '1.1.1' ],
194 silly audit   'import-fresh': [ '2.0.0' ],
194 silly audit   'resolve-from': [ '3.0.0', '5.0.0' ],
194 silly audit   imurmurhash: [ '0.1.4' ],
194 silly audit   'indent-string': [ '4.0.0' ],
194 silly audit   inflight: [ '1.0.6' ],
194 silly audit   inherits: [ '2.0.4' ],
194 silly audit   ini: [ '1.3.8' ],
194 silly audit   'internal-ip': [ '4.3.0' ],
194 silly audit   'internal-slot': [ '1.0.7' ],
194 silly audit   invariant: [ '2.2.4' ],
194 silly audit   'ip-regex': [ '2.1.0' ],
194 silly audit   'ipaddr.js': [ '1.9.1' ],
194 silly audit   'is-array-buffer': [ '3.0.4' ],
194 silly audit   'is-arrayish': [ '0.2.1' ],
194 silly audit   'is-bigint': [ '1.0.4' ],
194 silly audit   'is-boolean-object': [ '1.1.2' ],
194 silly audit   'is-buffer': [ '1.1.6' ],
194 silly audit   'is-callable': [ '1.2.7' ],
194 silly audit   'is-core-module': [ '2.15.1' ],
194 silly audit   'is-data-view': [ '1.0.1' ],
194 silly audit   'is-date-object': [ '1.0.5' ],
194 silly audit   'is-directory': [ '0.3.1' ],
194 silly audit   'is-docker': [ '2.2.1' ],
194 silly audit   'is-extglob': [ '2.1.1', '1.0.0' ],
194 silly audit   'is-fullwidth-code-point': [ '2.0.0', '3.0.0' ],
194 silly audit   'is-glob': [ '4.0.3', '2.0.1' ],
194 silly audit   'is-interactive': [ '1.0.0' ],
194 silly audit   'is-invalid-path': [ '0.1.0' ],
194 silly audit   'is-negative-zero': [ '2.0.3' ],
194 silly audit   'is-number': [ '7.0.0' ],
194 silly audit   'is-number-object': [ '1.0.7' ],
194 silly audit   'is-path-cwd': [ '2.2.0' ],
194 silly audit   'is-path-inside': [ '3.0.3' ],
194 silly audit   'is-plain-object': [ '2.0.4' ],
194 silly audit   'is-regex': [ '1.1.4' ],
194 silly audit   'is-shared-array-buffer': [ '1.0.3' ],
194 silly audit   'is-string': [ '1.0.7' ],
194 silly audit   'is-symbol': [ '1.0.4' ],
194 silly audit   'is-typed-array': [ '1.1.13' ],
194 silly audit   'is-unicode-supported': [ '0.1.0' ],
194 silly audit   'is-valid-path': [ '0.1.1' ],
194 silly audit   'is-weakref': [ '1.0.2' ],
194 silly audit   isarray: [ '1.0.0', '2.0.5' ],
194 silly audit   isexe: [ '2.0.0' ],
194 silly audit   isobject: [ '3.0.1' ],
194 silly audit   jackspeak: [ '3.4.3' ],
194 silly audit   'jest-environment-node': [ '29.7.0' ],
194 silly audit   'jest-get-type': [ '29.6.3' ],
194 silly audit   'jest-message-util': [ '29.7.0' ],
194 silly audit   'jest-mock': [ '29.7.0' ],
194 silly audit   'jest-util': [ '29.7.0' ],
194 silly audit   'jest-validate': [ '29.7.0' ],
194 silly audit   'jest-worker': [ '29.7.0' ],
194 silly audit   'jimp-compact': [ '0.16.1' ],
194 silly audit   joi: [ '17.13.3' ],
194 silly audit   'join-component': [ '1.1.0' ],
194 silly audit   'js-tokens': [ '4.0.0' ],
194 silly audit   'jsc-android': [ '250231.0.0' ],
194 silly audit   'jsc-safe-url': [ '0.2.4' ],
194 silly audit   jscodeshift: [ '0.14.0' ],
194 silly audit   'json-parse-better-errors': [ '1.0.2' ],
194 silly audit   'json-schema-deref-sync': [ '0.13.0' ],
194 silly audit   md5: [ '2.2.1', '2.3.0' ],
194 silly audit   json5: [ '2.2.3' ],
194 silly audit   'kind-of': [ '6.0.3' ],
194 silly audit   kleur: [ '3.0.3' ],
194 silly audit   leven: [ '3.1.0' ],
194 silly audit   'lighthouse-logger': [ '1.4.2' ],
194 silly audit   lightningcss: [ '1.19.0' ],
194 silly audit   'lightningcss-darwin-arm64': [ '1.19.0' ],
194 silly audit   'lightningcss-darwin-x64': [ '1.19.0' ],
194 silly audit   'lightningcss-linux-arm-gnueabihf': [ '1.19.0' ],
194 silly audit   'lightningcss-linux-arm64-gnu': [ '1.19.0' ],
194 silly audit   'lightningcss-linux-arm64-musl': [ '1.19.0' ],
194 silly audit   'lightningcss-linux-x64-gnu': [ '1.19.0' ],
194 silly audit   'lightningcss-linux-x64-musl': [ '1.19.0' ],
194 silly audit   'lightningcss-win32-x64-msvc': [ '1.19.0' ],
194 silly audit   'lines-and-columns': [ '1.2.4' ],
194 silly audit   lodash: [ '4.17.21' ],
194 silly audit   'lodash.debounce': [ '4.0.8' ],
194 silly audit   'lodash.throttle': [ '4.1.1' ],
194 silly audit   logkitty: [ '0.7.1' ],
194 silly audit   y18n: [ '4.0.3', '5.0.8' ],
194 silly audit   yargs: [ '15.4.1', '17.7.2' ],
194 silly audit   'yargs-parser': [ '18.1.3', '21.1.1' ],
194 silly audit   'loose-envify': [ '1.4.0' ],
194 silly audit   'make-dir': [ '2.1.0' ],
194 silly audit   makeerror: [ '1.0.12' ],
194 silly audit   marky: [ '1.2.5' ],
194 silly audit   'md5-file': [ '3.2.3' ],
194 silly audit   md5hex: [ '1.0.0' ],
194 silly audit   'media-typer': [ '0.3.0' ],
194 silly audit   'memoize-one': [ '5.2.1' ],
194 silly audit   'memory-cache': [ '0.2.0' ],
194 silly audit   'merge-stream': [ '2.0.0' ],
194 silly audit   merge2: [ '1.4.1' ],
194 silly audit   metro: [ '0.80.12' ],
194 silly audit   'metro-babel-transformer': [ '0.80.12' ],
194 silly audit   'metro-cache': [ '0.80.12' ],
194 silly audit   'metro-cache-key': [ '0.80.12' ],
194 silly audit   'metro-config': [ '0.80.12' ],
194 silly audit   'metro-core': [ '0.80.12' ],
194 silly audit   'metro-file-map': [ '0.80.12' ],
194 silly audit   'metro-minify-terser': [ '0.80.12' ],
194 silly audit   'metro-resolver': [ '0.80.12' ],
194 silly audit   'metro-runtime': [ '0.80.12' ],
194 silly audit   'metro-source-map': [ '0.80.12' ],
194 silly audit   'metro-symbolicate': [ '0.80.12' ],
194 silly audit   'metro-transform-plugins': [ '0.80.12' ],
194 silly audit   'metro-transform-worker': [ '0.80.12' ],
194 silly audit   micromatch: [ '4.0.8' ],
194 silly audit   mime: [ '2.6.0', '1.6.0' ],
194 silly audit   'mime-db': [ '1.52.0' ],
194 silly audit   'mime-types': [ '2.1.35' ],
194 silly audit   minimist: [ '1.2.8' ],
194 silly audit   minipass: [ '7.1.2', '3.3.6', '5.0.0' ],
194 silly audit   'minipass-collect': [ '2.0.1' ],
194 silly audit   'minipass-flush': [ '1.0.5' ],
194 silly audit   'minipass-pipeline': [ '1.2.4' ],
194 silly audit   minizlib: [ '2.1.2' ],
194 silly audit   multer: [ '1.4.5-lts.1' ],
194 silly audit   mz: [ '2.7.0' ],
194 silly audit   nanoid: [ '3.3.7' ],
194 silly audit   negotiator: [ '0.6.3' ],
194 silly audit   'neo-async': [ '2.6.2' ],
194 silly audit   'nested-error-stacks': [ '2.0.1' ],
194 silly audit   'nice-try': [ '1.0.5' ],
194 silly audit   nocache: [ '3.0.4' ],
194 silly audit   'node-abort-controller': [ '3.1.1' ],
194 silly audit   'node-dir': [ '0.1.17' ],
194 silly audit   'node-fetch': [ '2.7.0' ],
194 silly audit   'node-forge': [ '1.3.1' ],
194 silly audit   'node-int64': [ '0.4.0' ],
194 silly audit   'node-releases': [ '2.0.18' ],
194 silly audit   'node-stream-zip': [ '1.15.0' ],
194 silly audit   'normalize-path': [ '3.0.0' ],
194 silly audit   'npm-package-arg': [ '7.0.0' ],
194 silly audit   nullthrows: [ '1.1.1' ],
194 silly audit   ob1: [ '0.80.12' ],
194 silly audit   'object-assign': [ '4.1.1' ],
194 silly audit   'object-inspect': [ '1.13.2' ],
194 silly audit   'object-keys': [ '1.1.1' ],
194 silly audit   'object.assign': [ '4.1.5' ],
194 silly audit   'on-finished': [ '2.3.0', '2.4.1' ],
194 silly audit   'on-headers': [ '1.0.2' ],
194 silly audit   once: [ '1.4.0' ],
194 silly audit   'os-homedir': [ '1.0.2' ],
194 silly audit   'os-tmpdir': [ '1.0.2' ],
194 silly audit   osenv: [ '0.1.5' ],
194 silly audit   'p-finally': [ '1.0.0' ],
194 silly audit   'p-map': [ '4.0.0' ],
194 silly audit   'p-try': [ '2.2.0' ],
194 silly audit   'package-json-from-dist': [ '1.0.1' ],
194 silly audit   'parse-json': [ '4.0.0' ],
194 silly audit   'parse-png': [ '2.1.0' ],
194 silly audit   parseurl: [ '1.3.3' ],
194 silly audit   'password-prompt': [ '1.1.3' ],
194 silly audit   'path-exists': [ '4.0.0', '3.0.0' ],
194 silly audit   'path-is-absolute': [ '1.0.1' ],
194 silly audit   'path-parse': [ '1.0.7' ],
194 silly audit   'path-scurry': [ '1.11.1' ],
194 silly audit   'path-type': [ '4.0.0' ],
194 silly audit   picocolors: [ '1.1.1' ],
194 silly audit   pify: [ '4.0.1' ],
194 silly audit   pirates: [ '4.0.6' ],
194 silly audit   'pkg-dir': [ '3.0.0' ],
194 silly audit   plist: [ '3.1.0' ],
194 silly audit   xmlbuilder: [ '15.1.1', '11.0.1', '14.0.0' ],
194 silly audit   pngjs: [ '3.4.0' ],
194 silly audit   'possible-typed-array-names': [ '1.0.0' ],
194 silly audit   postcss: [ '8.4.47' ],
194 silly audit   'pretty-bytes': [ '5.6.0' ],
194 silly audit   'process-nextick-args': [ '2.0.1' ],
194 silly audit   progress: [ '2.0.3' ],
194 silly audit   promise: [ '7.3.1', '8.3.0' ],
194 silly audit   prompts: [ '2.4.2' ],
194 silly audit   'prop-types': [ '15.8.1' ],
194 silly audit   pump: [ '3.0.2' ],
194 silly audit   punycode: [ '2.3.1' ],
194 silly audit   'qrcode-terminal': [ '0.11.0' ],
194 silly audit   querystring: [ '0.2.1' ],
194 silly audit   queue: [ '6.0.2' ],
194 silly audit   'queue-microtask': [ '1.2.3' ],
194 silly audit   'range-parser': [ '1.2.1' ],
194 silly audit   rc: [ '1.2.8' ],
194 silly audit   react: [ '18.3.1' ],
194 silly audit   'react-chartjs-2': [ '5.2.0' ],
194 silly audit   'react-devtools-core': [ '5.3.2' ],
194 silly audit   'react-dom': [ '18.3.1' ],
194 silly audit   scheduler: [ '0.23.2', '0.24.0-canary-efb381bbf-20230505' ],
194 silly audit   'react-native': [ '0.74.5' ],
194 silly audit   'regenerator-runtime': [ '0.13.11', '0.14.1' ],
194 silly audit   'react-refresh': [ '0.14.2' ],
194 silly audit   'react-shallow-renderer': [ '16.15.0' ],
194 silly audit   readline: [ '1.3.0' ],
194 silly audit   recast: [ '0.21.5' ],
194 silly audit   regenerate: [ '1.4.2' ],
194 silly audit   'regenerate-unicode-properties': [ '10.2.0' ],
194 silly audit   'regexp.prototype.flags': [ '1.5.3' ],
194 silly audit   'regexpu-core': [ '6.1.1' ],
194 silly audit   regjsgen: [ '0.8.0' ],
194 silly audit   regjsparser: [ '0.11.1' ],
194 silly audit   'remove-trailing-slash': [ '0.1.1' ],
194 silly audit   'require-directory': [ '2.1.1' ],
194 silly audit   'require-from-string': [ '2.0.2' ],
194 silly audit   'require-main-filename': [ '2.0.0' ],
194 silly audit   requireg: [ '0.2.2' ],
194 silly audit   resolve: [ '1.7.1', '1.22.8' ],
194 silly audit   'resolve.exports': [ '2.0.2' ],
194 silly audit   reusify: [ '1.0.4' ],
194 silly audit   rimraf: [ '3.0.2', '2.6.3' ],
194 silly audit   'run-parallel': [ '1.2.0' ],
194 silly audit   'safe-array-concat': [ '1.1.2' ],
194 silly audit   'safe-buffer': [ '5.1.2' ],
194 silly audit   'safe-regex-test': [ '1.0.3' ],
194 silly audit   sax: [ '1.4.1' ],
194 silly audit   selfsigned: [ '2.4.1' ],
194 silly audit   send: [ '0.18.0', '0.19.0' ],
194 silly audit   'serialize-error': [ '2.1.0' ],
194 silly audit   'serve-static': [ '1.16.2' ],
194 silly audit   'set-blocking': [ '2.0.0' ],
194 silly audit   'set-function-length': [ '1.2.2' ],
194 silly audit   'set-function-name': [ '2.0.2' ],
194 silly audit   setimmediate: [ '1.0.5' ],
194 silly audit   setprototypeof: [ '1.2.0' ],
194 silly audit   'shallow-clone': [ '3.0.1' ],
194 silly audit   'shell-quote': [ '1.8.1' ],
194 silly audit   'side-channel': [ '1.0.6' ],
194 silly audit   'simple-plist': [ '1.3.1' ],
194 silly audit   sisteransi: [ '1.0.5' ],
194 silly audit   slash: [ '3.0.0' ],
194 silly audit   'slice-ansi': [ '2.1.0' ],
194 silly audit   slugify: [ '1.6.6' ],
194 silly audit   'source-map-js': [ '1.2.1' ],
194 silly audit   'source-map-support': [ '0.5.21' ],
194 silly audit   split: [ '1.0.1' ],
194 silly audit   'sprintf-js': [ '1.0.3' ],
194 silly audit   ssri: [ '10.0.6' ],
194 silly audit   'stack-utils': [ '2.0.6' ],
194 silly audit   stackframe: [ '1.3.4' ],
194 silly audit   'stacktrace-parser': [ '0.1.10' ],
194 silly audit   'stream-buffers': [ '2.2.0' ],
194 silly audit   streamsearch: [ '1.1.0' ],
194 silly audit   string_decoder: [ '1.1.1' ],
194 silly audit   'string.prototype.trim': [ '1.2.9' ],
194 silly audit   'string.prototype.trimend': [ '1.0.8' ],
194 silly audit   'string.prototype.trimstart': [ '1.0.8' ],
194 silly audit   'strip-eof': [ '1.0.0' ],
194 silly audit   'strip-final-newline': [ '2.0.0' ],
194 silly audit   'strip-json-comments': [ '2.0.1' ],
194 silly audit   strnum: [ '1.0.5' ],
194 silly audit   'structured-headers': [ '0.4.1' ],
194 silly audit   sucrase: [ '3.34.0' ],
194 silly audit   'supports-hyperlinks': [ '2.3.0' ],
194 silly audit   'supports-preserve-symlinks-flag': [ '1.0.0' ],
194 silly audit   tar: [ '6.2.1' ],
194 silly audit   temp: [ '0.8.4' ],
194 silly audit   'terminal-link': [ '2.1.1' ],
194 silly audit   terser: [ '5.36.0' ],
194 silly audit   'text-table': [ '0.2.0' ],
194 silly audit   thenify: [ '3.3.1' ],
194 silly audit   'thenify-all': [ '1.6.0' ],
194 silly audit   throat: [ '5.0.0' ],
194 silly audit   through: [ '2.3.8' ],
194 silly audit   through2: [ '2.0.5' ],
194 silly audit   tmp: [ '0.0.33' ],
194 silly audit   tmpl: [ '1.0.5' ],
194 silly audit   'to-regex-range': [ '5.0.1' ],
194 silly audit   toidentifier: [ '1.0.1' ],
194 silly audit   tr46: [ '0.0.3' ],
194 silly audit   traverse: [ '0.6.10' ],
194 silly audit   'trim-right': [ '1.0.1' ],
194 silly audit   'ts-interface-checker': [ '0.1.13' ],
194 silly audit   tslib: [ '2.8.0' ],
194 silly audit   'type-detect': [ '4.0.8' ],
194 silly audit   'type-is': [ '1.6.18' ],
194 silly audit   'typed-array-buffer': [ '1.0.2' ],
194 silly audit   'typed-array-byte-length': [ '1.0.1' ],
194 silly audit   'typed-array-byte-offset': [ '1.0.2' ],
194 silly audit   'typed-array-length': [ '1.0.6' ],
194 silly audit   typedarray: [ '0.0.6' ],
194 silly audit   'typedarray.prototype.slice': [ '1.0.3' ],
194 silly audit   'ua-parser-js': [ '1.0.39' ],
194 silly audit   'unbox-primitive': [ '1.0.2' ],
194 silly audit   'undici-types': [ '5.26.5' ],
194 silly audit   'unicode-canonical-property-names-ecmascript': [ '2.0.1' ],
194 silly audit   'unicode-match-property-ecmascript': [ '2.0.0' ],
194 silly audit   'unicode-match-property-value-ecmascript': [ '2.2.0' ],
194 silly audit   'unicode-property-aliases-ecmascript': [ '2.1.0' ],
194 silly audit   'unique-filename': [ '3.0.0' ],
194 silly audit   'unique-slug': [ '4.0.0' ],
194 silly audit   unpipe: [ '1.0.0' ],
194 silly audit   'update-browserslist-db': [ '1.1.1' ],
194 silly audit   'url-join': [ '4.0.0' ],
194 silly audit   'util-deprecate': [ '1.0.2' ],
194 silly audit   'utils-merge': [ '1.0.1' ],
194 silly audit   uuid: [ '8.3.2', '7.0.3' ],
194 silly audit   'valid-url': [ '1.0.9' ],
194 silly audit   'validate-npm-package-name': [ '3.0.0' ],
194 silly audit   vary: [ '1.1.2' ],
194 silly audit   vlq: [ '1.0.1' ],
194 silly audit   walker: [ '1.0.8' ],
194 silly audit   wcwidth: [ '1.0.1' ],
194 silly audit   'webidl-conversions': [ '3.0.1', '5.0.0' ],
194 silly audit   'whatwg-fetch': [ '3.6.20' ],
194 silly audit   'whatwg-url': [ '5.0.0' ],
194 silly audit   'whatwg-url-without-unicode': [ '8.0.0-3' ],
194 silly audit   'which-boxed-primitive': [ '1.0.2' ],
194 silly audit   'which-module': [ '2.0.1' ],
194 silly audit   'which-typed-array': [ '1.1.15' ],
194 silly audit   wonka: [ '4.0.15' ],
194 silly audit   wrappy: [ '1.0.2' ],
194 silly audit   'write-file-atomic': [ '2.4.3' ],
194 silly audit   xcode: [ '3.0.1' ],
194 silly audit   xml2js: [ '0.6.0' ],
194 silly audit   xtend: [ '4.0.2' ],
194 silly audit   yaml: [ '2.6.0' ],
194 silly audit   'yocto-queue': [ '0.1.0' ],
194 silly audit   zod: [ '3.23.8' ],
194 silly audit   'zod-validation-error': [ '2.1.0' ],
194 silly audit   recharts: [ '2.13.0' ],
194 silly audit   clsx: [ '2.1.1' ],
194 silly audit   eventemitter3: [ '4.0.7' ],
194 silly audit   'react-smooth': [ '4.0.1' ],
194 silly audit   'recharts-scale': [ '0.4.5' ],
194 silly audit   'tiny-invariant': [ '1.3.3' ],
194 silly audit   'victory-vendor': [ '36.9.2' ],
194 silly audit   'fast-equals': [ '5.0.1' ],
194 silly audit   'react-transition-group': [ '4.4.5' ],
194 silly audit   'dom-helpers': [ '5.2.1' ],
194 silly audit   csstype: [ '3.1.3' ],
194 silly audit   'decimal.js-light': [ '2.5.1' ],
194 silly audit   '@types/d3-array': [ '3.2.1' ],
194 silly audit   '@types/d3-ease': [ '3.0.2' ],
194 silly audit   '@types/d3-interpolate': [ '3.0.4' ],
194 silly audit   '@types/d3-scale': [ '4.0.8' ],
194 silly audit   '@types/d3-shape': [ '3.1.6' ],
194 silly audit   '@types/d3-time': [ '3.0.3' ],
194 silly audit   '@types/d3-timer': [ '3.0.2' ],
194 silly audit   'd3-array': [ '3.2.4' ],
194 silly audit   'd3-ease': [ '3.0.1' ],
194 silly audit   'd3-interpolate': [ '3.0.1' ],
194 silly audit   'd3-scale': [ '4.0.2' ],
194 silly audit   'd3-shape': [ '3.2.0' ],
194 silly audit   'd3-time': [ '3.1.0' ],
194 silly audit   'd3-timer': [ '3.0.1' ],
194 silly audit   '@types/d3-color': [ '3.1.3' ],
194 silly audit   '@types/d3-path': [ '3.1.0' ],
194 silly audit   internmap: [ '2.0.3' ],
194 silly audit   'd3-color': [ '3.1.0' ],
194 silly audit   'd3-format': [ '3.1.0' ],
194 silly audit   'd3-time-format': [ '4.1.0' ],
194 silly audit   'd3-path': [ '3.1.0' ]
194 silly audit }
195 verbose reify failed optional dependency /Users/prajaktakumbhar/expense-tracker/node_modules/lightningcss-win32-x64-msvc
196 silly reify mark deleted [
196 silly reify   '/Users/prajaktakumbhar/expense-tracker/node_modules/lightningcss-win32-x64-msvc'
196 silly reify ]
197 verbose reify failed optional dependency /Users/prajaktakumbhar/expense-tracker/node_modules/lightningcss-linux-x64-musl
198 silly reify mark deleted [
198 silly reify   '/Users/prajaktakumbhar/expense-tracker/node_modules/lightningcss-linux-x64-musl'
198 silly reify ]
199 verbose reify failed optional dependency /Users/prajaktakumbhar/expense-tracker/node_modules/lightningcss-linux-x64-gnu
200 silly reify mark deleted [
200 silly reify   '/Users/prajaktakumbhar/expense-tracker/node_modules/lightningcss-linux-x64-gnu'
200 silly reify ]
201 verbose reify failed optional dependency /Users/prajaktakumbhar/expense-tracker/node_modules/lightningcss-linux-arm64-musl
202 silly reify mark deleted [
202 silly reify   '/Users/prajaktakumbhar/expense-tracker/node_modules/lightningcss-linux-arm64-musl'
202 silly reify ]
203 verbose reify failed optional dependency /Users/prajaktakumbhar/expense-tracker/node_modules/lightningcss-linux-arm64-gnu
204 silly reify mark deleted [
204 silly reify   '/Users/prajaktakumbhar/expense-tracker/node_modules/lightningcss-linux-arm64-gnu'
204 silly reify ]
205 verbose reify failed optional dependency /Users/prajaktakumbhar/expense-tracker/node_modules/lightningcss-linux-arm-gnueabihf
206 silly reify mark deleted [
206 silly reify   '/Users/prajaktakumbhar/expense-tracker/node_modules/lightningcss-linux-arm-gnueabihf'
206 silly reify ]
207 verbose reify failed optional dependency /Users/prajaktakumbhar/expense-tracker/node_modules/lightningcss-darwin-x64
208 silly reify mark deleted [
208 silly reify   '/Users/prajaktakumbhar/expense-tracker/node_modules/lightningcss-darwin-x64'
208 silly reify ]
209 silly tarball no local data for d3-time-format@https://registry.npmjs.org/d3-time-format/-/d3-time-format-4.1.0.tgz. Extracting by manifest.
210 silly tarball no local data for d3-path@https://registry.npmjs.org/d3-path/-/d3-path-3.1.0.tgz. Extracting by manifest.
211 silly tarball no local data for @types/d3-path@https://registry.npmjs.org/@types/d3-path/-/d3-path-3.1.0.tgz. Extracting by manifest.
212 silly tarball no local data for @types/d3-color@https://registry.npmjs.org/@types/d3-color/-/d3-color-3.1.3.tgz. Extracting by manifest.
213 silly tarball no local data for d3-timer@https://registry.npmjs.org/d3-timer/-/d3-timer-3.0.1.tgz. Extracting by manifest.
214 silly tarball no local data for d3-time@https://registry.npmjs.org/d3-time/-/d3-time-3.1.0.tgz. Extracting by manifest.
215 silly tarball no local data for internmap@https://registry.npmjs.org/internmap/-/internmap-2.0.3.tgz. Extracting by manifest.
216 silly tarball no local data for d3-format@https://registry.npmjs.org/d3-format/-/d3-format-3.1.0.tgz. Extracting by manifest.
217 silly tarball no local data for d3-color@https://registry.npmjs.org/d3-color/-/d3-color-3.1.0.tgz. Extracting by manifest.
218 silly tarball no local data for d3-shape@https://registry.npmjs.org/d3-shape/-/d3-shape-3.2.0.tgz. Extracting by manifest.
219 silly tarball no local data for d3-interpolate@https://registry.npmjs.org/d3-interpolate/-/d3-interpolate-3.0.1.tgz. Extracting by manifest.
220 silly tarball no local data for d3-array@https://registry.npmjs.org/d3-array/-/d3-array-3.2.4.tgz. Extracting by manifest.
221 silly tarball no local data for @types/d3-timer@https://registry.npmjs.org/@types/d3-timer/-/d3-timer-3.0.2.tgz. Extracting by manifest.
222 silly tarball no local data for @types/d3-shape@https://registry.npmjs.org/@types/d3-shape/-/d3-shape-3.1.6.tgz. Extracting by manifest.
223 silly tarball no local data for d3-scale@https://registry.npmjs.org/d3-scale/-/d3-scale-4.0.2.tgz. Extracting by manifest.
224 silly tarball no local data for @types/d3-interpolate@https://registry.npmjs.org/@types/d3-interpolate/-/d3-interpolate-3.0.4.tgz. Extracting by manifest.
225 silly tarball no local data for @types/d3-ease@https://registry.npmjs.org/@types/d3-ease/-/d3-ease-3.0.2.tgz. Extracting by manifest.
226 silly tarball no local data for @types/d3-scale@https://registry.npmjs.org/@types/d3-scale/-/d3-scale-4.0.8.tgz. Extracting by manifest.
227 silly tarball no local data for d3-ease@https://registry.npmjs.org/d3-ease/-/d3-ease-3.0.1.tgz. Extracting by manifest.
228 silly tarball no local data for decimal.js-light@https://registry.npmjs.org/decimal.js-light/-/decimal.js-light-2.5.1.tgz. Extracting by manifest.
229 silly tarball no local data for @types/d3-time@https://registry.npmjs.org/@types/d3-time/-/d3-time-3.0.3.tgz. Extracting by manifest.
230 silly tarball no local data for react-transition-group@https://registry.npmjs.org/react-transition-group/-/react-transition-group-4.4.5.tgz. Extracting by manifest.
231 silly tarball no local data for fast-equals@https://registry.npmjs.org/fast-equals/-/fast-equals-5.0.1.tgz. Extracting by manifest.
232 silly tarball no local data for @types/d3-array@https://registry.npmjs.org/@types/d3-array/-/d3-array-3.2.1.tgz. Extracting by manifest.
233 silly tarball no local data for tiny-invariant@https://registry.npmjs.org/tiny-invariant/-/tiny-invariant-1.3.3.tgz. Extracting by manifest.
234 silly tarball no local data for react-smooth@https://registry.npmjs.org/react-smooth/-/react-smooth-4.0.1.tgz. Extracting by manifest.
235 silly tarball no local data for victory-vendor@https://registry.npmjs.org/victory-vendor/-/victory-vendor-36.9.2.tgz. Extracting by manifest.
236 silly tarball no local data for dom-helpers@https://registry.npmjs.org/dom-helpers/-/dom-helpers-5.2.1.tgz. Extracting by manifest.
237 silly tarball no local data for recharts-scale@https://registry.npmjs.org/recharts-scale/-/recharts-scale-0.4.5.tgz. Extracting by manifest.
238 silly tarball no local data for recharts@https://registry.npmjs.org/recharts/-/recharts-2.13.0.tgz. Extracting by manifest.
239 silly tarball no local data for clsx@https://registry.npmjs.org/clsx/-/clsx-2.1.1.tgz. Extracting by manifest.
240 http fetch POST 200 https://registry.npmjs.org/-/npm/v1/security/advisories/bulk 152ms
241 silly audit report {
241 silly audit report   send: [
241 silly audit report     {
241 silly audit report       id: 1099525,
241 silly audit report       url: 'https://github.com/advisories/GHSA-m6fv-jmcg-4jfg',
241 silly audit report       title: 'send vulnerable to template injection that can lead to XSS',
241 silly audit report       severity: 'moderate',
241 silly audit report       vulnerable_versions: '<0.19.0',
241 silly audit report       cwe: [Array],
241 silly audit report       cvss: [Object]
241 silly audit report     }
241 silly audit report   ]
241 silly audit report }
242 silly packumentCache corgi:https://registry.npmjs.org/send cache-miss
243 http fetch GET 200 https://registry.npmjs.org/d3-timer/-/d3-timer-3.0.1.tgz 153ms (cache miss)
244 http fetch GET 200 https://registry.npmjs.org/d3-path/-/d3-path-3.1.0.tgz 154ms (cache miss)
245 http fetch GET 200 https://registry.npmjs.org/@types/d3-color/-/d3-color-3.1.3.tgz 162ms (cache miss)
246 http fetch GET 200 https://registry.npmjs.org/@types/d3-interpolate/-/d3-interpolate-3.0.4.tgz 158ms (cache miss)
247 http fetch GET 200 https://registry.npmjs.org/@types/d3-path/-/d3-path-3.1.0.tgz 163ms (cache miss)
248 http fetch GET 200 https://registry.npmjs.org/@types/d3-scale/-/d3-scale-4.0.8.tgz 159ms (cache miss)
249 http fetch GET 200 https://registry.npmjs.org/@types/d3-ease/-/d3-ease-3.0.2.tgz 160ms (cache miss)
250 http fetch GET 200 https://registry.npmjs.org/d3-time/-/d3-time-3.1.0.tgz 164ms (cache miss)
251 http fetch GET 200 https://registry.npmjs.org/send 21ms (cache hit)
252 silly packumentCache corgi:https://registry.npmjs.org/send set size:59867 disposed:false
253 silly packumentCache corgi:https://registry.npmjs.org/@expo%2fcli cache-miss
254 http fetch GET 200 https://registry.npmjs.org/d3-ease/-/d3-ease-3.0.1.tgz 168ms (cache miss)
255 http fetch GET 200 https://registry.npmjs.org/@expo%2fcli 12ms (cache hit)
256 silly packumentCache corgi:https://registry.npmjs.org/@expo%2fcli set size:656787 disposed:false
257 silly packumentCache corgi:https://registry.npmjs.org/expo cache-miss
258 http fetch GET 200 https://registry.npmjs.org/@types/d3-time/-/d3-time-3.0.3.tgz 182ms (cache miss)
259 http fetch GET 200 https://registry.npmjs.org/d3-time-format/-/d3-time-format-4.1.0.tgz 191ms (cache miss)
260 http fetch GET 200 https://registry.npmjs.org/d3-scale/-/d3-scale-4.0.2.tgz 188ms (cache miss)
261 http fetch GET 200 https://registry.npmjs.org/tiny-invariant/-/tiny-invariant-1.3.3.tgz 190ms (cache miss)
262 http fetch GET 200 https://registry.npmjs.org/decimal.js-light/-/decimal.js-light-2.5.1.tgz 192ms (cache miss)
263 http fetch GET 200 https://registry.npmjs.org/expo 12ms (cache hit)
264 silly packumentCache corgi:https://registry.npmjs.org/expo set size:1169484 disposed:false
265 http fetch GET 200 https://registry.npmjs.org/clsx/-/clsx-2.1.1.tgz 252ms (cache miss)
266 http fetch GET 200 https://registry.npmjs.org/@types/d3-array/-/d3-array-3.2.1.tgz 253ms (cache miss)
267 http fetch GET 200 https://registry.npmjs.org/internmap/-/internmap-2.0.3.tgz 259ms (cache miss)
268 http fetch GET 200 https://registry.npmjs.org/@types/d3-timer/-/d3-timer-3.0.2.tgz 259ms (cache miss)
269 http fetch GET 200 https://registry.npmjs.org/react-transition-group/-/react-transition-group-4.4.5.tgz 259ms (cache miss)
270 http fetch GET 200 https://registry.npmjs.org/d3-color/-/d3-color-3.1.0.tgz 271ms (cache miss)
271 http fetch GET 200 https://registry.npmjs.org/@types/d3-shape/-/d3-shape-3.1.6.tgz 276ms (cache miss)
272 http fetch GET 200 https://registry.npmjs.org/recharts-scale/-/recharts-scale-0.4.5.tgz 279ms (cache miss)
273 http fetch GET 200 https://registry.npmjs.org/d3-interpolate/-/d3-interpolate-3.0.1.tgz 293ms (cache miss)
274 http fetch GET 200 https://registry.npmjs.org/react-smooth/-/react-smooth-4.0.1.tgz 303ms (cache miss)
275 http fetch GET 200 https://registry.npmjs.org/fast-equals/-/fast-equals-5.0.1.tgz 304ms (cache miss)
276 http fetch GET 200 https://registry.npmjs.org/d3-array/-/d3-array-3.2.4.tgz 310ms (cache miss)
277 http fetch GET 200 https://registry.npmjs.org/d3-format/-/d3-format-3.1.0.tgz 314ms (cache miss)
278 http fetch GET 200 https://registry.npmjs.org/d3-shape/-/d3-shape-3.2.0.tgz 320ms (cache miss)
279 http fetch GET 200 https://registry.npmjs.org/dom-helpers/-/dom-helpers-5.2.1.tgz 371ms (cache miss)
280 http fetch GET 200 https://registry.npmjs.org/victory-vendor/-/victory-vendor-36.9.2.tgz 389ms (cache miss)
281 http fetch GET 200 https://registry.npmjs.org/recharts/-/recharts-2.13.0.tgz 415ms (cache miss)
282 silly ADD node_modules/d3-path
283 silly ADD node_modules/d3-time-format
284 silly ADD node_modules/d3-format
285 silly ADD node_modules/d3-color
286 silly ADD node_modules/internmap
287 silly ADD node_modules/@types/d3-path
288 silly ADD node_modules/@types/d3-color
289 silly ADD node_modules/d3-timer
290 silly ADD node_modules/d3-time
291 silly ADD node_modules/d3-shape
292 silly ADD node_modules/d3-scale
293 silly ADD node_modules/d3-interpolate
294 silly ADD node_modules/d3-ease
295 silly ADD node_modules/d3-array
296 silly ADD node_modules/@types/d3-timer
297 silly ADD node_modules/@types/d3-time
298 silly ADD node_modules/@types/d3-shape
299 silly ADD node_modules/@types/d3-scale
300 silly ADD node_modules/@types/d3-interpolate
301 silly ADD node_modules/@types/d3-ease
302 silly ADD node_modules/@types/d3-array
303 silly ADD node_modules/decimal.js-light
304 silly ADD node_modules/csstype
305 silly ADD node_modules/dom-helpers
306 silly ADD node_modules/react-transition-group
307 silly ADD node_modules/fast-equals
308 silly ADD node_modules/victory-vendor
309 silly ADD node_modules/tiny-invariant
310 silly ADD node_modules/recharts-scale
311 silly ADD node_modules/react-smooth
312 silly ADD node_modules/eventemitter3
313 silly ADD node_modules/clsx
314 silly ADD node_modules/recharts
315 silly ADD node_modules/recharts/node_modules/react-is
316 silly ADD
317 silly ADD
318 silly ADD
319 silly ADD
320 silly ADD
321 silly ADD
322 silly ADD
323 verbose cwd /Users/prajaktakumbhar/expense-tracker
324 verbose os Darwin 23.6.0
325 verbose node v22.9.0
326 verbose npm  v10.8.3
327 verbose exit 0
328 info ok
