0 verbose cli /opt/homebrew/Cellar/node/22.9.0_1/bin/node /opt/homebrew/bin/npm
1 info using npm@10.8.3
2 info using node@v22.9.0
3 silly config load:file:/opt/homebrew/lib/node_modules/npm/npmrc
4 silly config load:file:/Users/prajaktakumbhar/expense-tracker/.npmrc
5 silly config load:file:/Users/prajaktakumbhar/.npmrc
6 silly config load:file:/opt/homebrew/etc/npmrc
7 verbose title npm start
8 verbose argv "start"
9 verbose logfile logs-max:10 dir:/Users/prajaktakumbhar/expense-tracker/clean/_logs/2024-10-21T15_24_05_033Z-
10 verbose logfile /Users/prajaktakumbhar/expense-tracker/clean/_logs/2024-10-21T15_24_05_033Z-debug-0.log
11 silly logfile done cleaning log files
12 verbose stack Error: Missing script: "start"
12 verbose stack
12 verbose stack Did you mean one of these?
12 verbose stack   npm star # Mark your favorite packages
12 verbose stack   npm stars # View packages marked as favorites
12 verbose stack
12 verbose stack To see a list of scripts, run:
12 verbose stack   npm run
12 verbose stack     at #run (/opt/homebrew/lib/node_modules/npm/lib/commands/run-script.js:110:13)
12 verbose stack     at async RunScript.exec (/opt/homebrew/lib/node_modules/npm/lib/commands/run-script.js:39:7)
12 verbose stack     at async Npm.exec (/opt/homebrew/lib/node_modules/npm/lib/npm.js:207:9)
12 verbose stack     at async module.exports (/opt/homebrew/lib/node_modules/npm/lib/cli/entry.js:74:5)
13 error Missing script: "start"
13 error
13 error Did you mean one of these?
13 error   npm star # Mark your favorite packages
13 error   npm stars # View packages marked as favorites
13 error
13 error To see a list of scripts, run:
13 error   npm run
14 verbose cwd /Users/prajaktakumbhar/expense-tracker
15 verbose os Darwin 23.6.0
16 verbose node v22.9.0
17 verbose npm  v10.8.3
18 verbose exit 1
19 verbose code 1
20 error A complete log of this run can be found in: /Users/prajaktakumbhar/expense-tracker/clean/_logs/2024-10-21T15_24_05_033Z-debug-0.log
