0 verbose cli /opt/homebrew/Cellar/node/22.9.0_1/bin/node /opt/homebrew/bin/npm
1 info using npm@10.8.3
2 info using node@v22.9.0
3 silly config load:file:/opt/homebrew/lib/node_modules/npm/npmrc
4 silly config load:file:/Users/prajaktakumbhar/expense-tracker/.npmrc
5 silly config load:file:/Users/prajaktakumbhar/.npmrc
6 silly config load:file:/opt/homebrew/etc/npmrc
7 verbose title npm install chart.js react-chartjs-2
8 verbose argv "install" "chart.js" "react-chartjs-2"
9 verbose logfile logs-max:10 dir:/Users/prajaktakumbhar/expense-tracker/clean/_logs/2024-10-22T16_58_37_042Z-
10 verbose logfile /Users/prajaktakumbhar/expense-tracker/clean/_logs/2024-10-22T16_58_37_042Z-debug-0.log
11 silly packumentCache heap:2197815296 maxSize:549453824 maxEntrySize:274726912
12 silly logfile done cleaning log files
13 silly idealTree buildDeps
14 silly fetch manifest chart.js@^4.4.5
15 silly packumentCache full:https://registry.npmjs.org/chart.js cache-miss
16 http fetch GET 200 https://registry.npmjs.org/chart.js 395ms (cache revalidated)
17 silly packumentCache full:https://registry.npmjs.org/chart.js set size:407622 disposed:false
18 silly fetch manifest react-chartjs-2@^5.2.0
19 silly packumentCache full:https://registry.npmjs.org/react-chartjs-2 cache-miss
20 http fetch GET 200 https://registry.npmjs.org/react-chartjs-2 82ms (cache revalidated)
21 silly packumentCache full:https://registry.npmjs.org/react-chartjs-2 set size:259213 disposed:false
22 silly fetch manifest react@^16.8.0 || ^17.0.0 || ^18.0.0
23 silly packumentCache full:https://registry.npmjs.org/react cache-miss
24 http fetch GET 200 https://registry.npmjs.org/react 155ms (cache updated)
25 silly packumentCache full:https://registry.npmjs.org/react set size:undefined disposed:false
26 silly placeDep ROOT chart.js@4.4.5 REPLACE for:  want: ^4.4.5
27 silly placeDep ROOT react-chartjs-2@5.2.0 REPLACE for:  want: ^5.2.0
28 silly reify moves {}
29 silly audit bulk request {
29 silly audit   '@kurkle/color': [ '0.3.2' ],
29 silly audit   'append-field': [ '1.0.0' ],
29 silly audit   'buffer-from': [ '1.1.2' ],
29 silly audit   busboy: [ '1.6.0' ],
29 silly audit   'concat-stream': [ '1.6.2' ],
29 silly audit   'core-util-is': [ '1.0.3' ],
29 silly audit   inherits: [ '2.0.4' ],
29 silly audit   isarray: [ '1.0.0' ],
29 silly audit   'js-tokens': [ '4.0.0' ],
29 silly audit   'loose-envify': [ '1.4.0' ],
29 silly audit   'media-typer': [ '0.3.0' ],
29 silly audit   'mime-db': [ '1.52.0' ],
29 silly audit   'mime-types': [ '2.1.35' ],
29 silly audit   minimist: [ '1.2.8' ],
29 silly audit   mkdirp: [ '0.5.6' ],
29 silly audit   multer: [ '1.4.5-lts.1' ],
29 silly audit   'object-assign': [ '4.1.1' ],
29 silly audit   'process-nextick-args': [ '2.0.1' ],
29 silly audit   react: [ '18.3.1' ],
29 silly audit   'readable-stream': [ '2.3.8' ],
29 silly audit   'safe-buffer': [ '5.1.2' ],
29 silly audit   streamsearch: [ '1.1.0' ],
29 silly audit   string_decoder: [ '1.1.1' ],
29 silly audit   'type-is': [ '1.6.18' ],
29 silly audit   typedarray: [ '0.0.6' ],
29 silly audit   'util-deprecate': [ '1.0.2' ],
29 silly audit   xtend: [ '4.0.2' ],
29 silly audit   'chart.js': [ '4.4.5' ],
29 silly audit   'react-chartjs-2': [ '5.2.0' ]
29 silly audit }
30 http fetch POST 200 https://registry.npmjs.org/-/npm/v1/security/advisories/bulk 119ms
31 silly audit report {}
32 verbose cwd /Users/prajaktakumbhar/expense-tracker
33 verbose os Darwin 23.6.0
34 verbose node v22.9.0
35 verbose npm  v10.8.3
36 verbose exit 0
37 info ok
